<?xml version="1.0" encoding="UTF-8"?>
<!-- Generated by org.testng.reporters.JUnitReportReporter -->
<testsuite hostname="VWSWX017-US" name="com.tudor.swag.tests.suites.PerformanceSuite" tests="25" failures="0" timestamp="18 May 2021 14:55:44 GMT" time="353.771" errors="1">
  <testcase name="verifyData" time="13.104" classname="com.tudor.swag.tests.suites.PerformanceSuite"/>
  <testcase name="verifyData" time="9.819" classname="com.tudor.swag.tests.suites.PerformanceSuite"/>
  <testcase name="verifyData" time="9.427" classname="com.tudor.swag.tests.suites.PerformanceSuite"/>
  <testcase name="verifyData" time="41.983" classname="com.tudor.swag.tests.suites.PerformanceSuite">
    <error type="java.lang.AssertionError" message="The following asserts failed:

[Row: 431] [Column: 8] [Expected: 2278391285] [Actual: 0], 
[Row: 854] [Column: 8] [Expected: 1420602537] [Actual: 1421402536]">
      <![CDATA[java.lang.AssertionError: The following asserts failed:

[Row: 431] [Column: 8] [Expected: 2278391285] [Actual: 0], 
[Row: 854] [Column: 8] [Expected: 1420602537] [Actual: 1421402536]
	at org.testng.asserts.SoftAssert.assertAll(SoftAssert.java:38)
	at com.tudor.swag.tests.utils.SoftAssertSwag.assertAll(SoftAssertSwag.java:490)
	at com.tudor.swag.tests.suites.common.SwagletSuite.verifyAlphaData(SwagletSuite.java:432)
	at com.tudor.swag.tests.suites.PerformanceSuite.verifyData(PerformanceSuite.java:22)
	at sun.reflect.NativeMethodAccessorImpl.invoke0(Native Method)
	at sun.reflect.NativeMethodAccessorImpl.invoke(NativeMethodAccessorImpl.java:62)
	at sun.reflect.DelegatingMethodAccessorImpl.invoke(DelegatingMethodAccessorImpl.java:43)
	at java.lang.reflect.Method.invoke(Method.java:498)
	at org.testng.internal.MethodInvocationHelper.invokeMethod(MethodInvocationHelper.java:84)
	at org.testng.internal.Invoker.invokeMethod(Invoker.java:714)
	at org.testng.internal.Invoker.invokeTestMethod(Invoker.java:901)
	at org.testng.internal.Invoker.invokeTestMethods(Invoker.java:1231)
	at org.testng.internal.TestMethodWorker.invokeTestMethods(TestMethodWorker.java:127)
	at org.testng.internal.TestMethodWorker.run(TestMethodWorker.java:111)
	at org.testng.TestRunner.privateRun(TestRunner.java:767)
	at org.testng.TestRunner.run(TestRunner.java:617)
	at org.testng.SuiteRunner.runTest(SuiteRunner.java:334)
	at org.testng.SuiteRunner.access$000(SuiteRunner.java:37)
	at org.testng.SuiteRunner$SuiteWorker.run(SuiteRunner.java:368)
	at org.testng.internal.thread.ThreadUtil$2.call(ThreadUtil.java:64)
	at java.util.concurrent.FutureTask.run(FutureTask.java:266)
	at java.util.concurrent.ThreadPoolExecutor.runWorker(ThreadPoolExecutor.java:1149)
	at java.util.concurrent.ThreadPoolExecutor$Worker.run(ThreadPoolExecutor.java:624)
	at java.lang.Thread.run(Thread.java:748)
]]>
    </error>
  </testcase> <!-- verifyData -->
  <testcase name="verifyData" time="7.674" classname="com.tudor.swag.tests.suites.PerformanceSuite"/>
  <testcase name="verifyData" time="5.151" classname="com.tudor.swag.tests.suites.PerformanceSuite"/>
  <testcase name="verifyData" time="9.331" classname="com.tudor.swag.tests.suites.PerformanceSuite"/>
  <testcase name="verifyData" time="9.514" classname="com.tudor.swag.tests.suites.PerformanceSuite"/>
  <testcase name="verifyData" time="7.097" classname="com.tudor.swag.tests.suites.PerformanceSuite"/>
  <testcase name="verifyData" time="9.548" classname="com.tudor.swag.tests.suites.PerformanceSuite"/>
  <testcase name="verifyData" time="6.074" classname="com.tudor.swag.tests.suites.PerformanceSuite"/>
  <testcase name="verifyData" time="8.178" classname="com.tudor.swag.tests.suites.PerformanceSuite"/>
  <testcase name="verifyData" time="14.466" classname="com.tudor.swag.tests.suites.PerformanceSuite"/>
  <testcase name="verifyData" time="8.474" classname="com.tudor.swag.tests.suites.PerformanceSuite"/>
  <testcase name="verifyData" time="8.458" classname="com.tudor.swag.tests.suites.PerformanceSuite"/>
  <testcase name="verifyData" time="47.483" classname="com.tudor.swag.tests.suites.PerformanceSuite"/>
  <testcase name="verifyData" time="10.187" classname="com.tudor.swag.tests.suites.PerformanceSuite"/>
  <testcase name="verifyData" time="8.699" classname="com.tudor.swag.tests.suites.PerformanceSuite"/>
  <testcase name="verifyData" time="13.335" classname="com.tudor.swag.tests.suites.PerformanceSuite"/>
  <testcase name="verifyData" time="11.078" classname="com.tudor.swag.tests.suites.PerformanceSuite"/>
  <testcase name="verifyData" time="16.196" classname="com.tudor.swag.tests.suites.PerformanceSuite"/>
  <testcase name="verifyData" time="12.460" classname="com.tudor.swag.tests.suites.PerformanceSuite"/>
  <testcase name="verifyData" time="53.857" classname="com.tudor.swag.tests.suites.PerformanceSuite"/>
  <testcase name="verifyData" time="5.523" classname="com.tudor.swag.tests.suites.PerformanceSuite"/>
  <testcase name="verifyData" time="6.655" classname="com.tudor.swag.tests.suites.PerformanceSuite"/>
</testsuite> <!-- com.tudor.swag.tests.suites.PerformanceSuite -->
