<!DOCTYPE html PUBLIC "-//W3C//DTD XHTML 1.1//EN" "http://www.w3.org/TR/xhtml11/DTD/xhtml11.dtd">
<html xmlns="http://www.w3.org/1999/xhtml"><head><title>TestNG Report</title><style type="text/css">table {margin-bottom:10px;border-collapse:collapse;empty-cells:show}th,td {border:1px solid #009;padding:.25em .5em}th {vertical-align:bottom}td {vertical-align:top}table a {font-weight:bold}.stripe td {background-color: #E6EBF9}.num {text-align:right}.passedodd td {background-color: #3F3}.passedeven td {background-color: #0A0}.skippedodd td {background-color: #DDD}.skippedeven td {background-color: #CCC}.failedodd td,.attn {background-color: #F33}.failedeven td,.stripe .attn {background-color: #D00}.stacktrace {white-space:pre;font-family:monospace}.totop {font-size:85%;text-align:center;border-bottom:2px solid #000}</style></head><body><table><tr><th>Test</th><th># Passed</th><th># Skipped</th><th># Failed</th><th>Time (ms)</th><th>Included Groups</th><th>Excluded Groups</th></tr><tr><th colspan="7">Suite</th></tr><tr><td><a href="#t0">ChromeTest1</a></td><td class="num">3</td><td class="num">0</td><td class="num attn">6</td><td class="num">388,219</td><td></td><td></td></tr></table><table><thead><tr><th>Class</th><th>Method</th><th>Start</th><th>Time (ms)</th></tr></thead><tbody><tr><th colspan="4">Suite</th></tr></tbody><tbody id="t0"><tr><th colspan="4">ChromeTest1 &#8212; failed</th></tr><tr class="failedeven"><td rowspan="6">com.tudor.swag.tests.suites.CubeSuite</td><td><a href="#m0">verifyData</a></td><td rowspan="6">1622822562573</td><td rowspan="6">9208</td></tr><tr class="failedeven"><td><a href="#m1">verifyData</a></td></tr><tr class="failedeven"><td><a href="#m2">verifyData</a></td></tr><tr class="failedeven"><td><a href="#m3">verifyData</a></td></tr><tr class="failedeven"><td><a href="#m4">verifyData</a></td></tr><tr class="failedeven"><td><a href="#m5">verifyData</a></td></tr><tr><th colspan="4">ChromeTest1 &#8212; passed</th></tr><tr class="passedeven"><td rowspan="3">com.tudor.swag.tests.suites.CubeSuite</td><td><a href="#m6">verifyData</a></td><td rowspan="3">1622822668796</td><td rowspan="3">19762</td></tr><tr class="passedeven"><td><a href="#m7">verifyData</a></td></tr><tr class="passedeven"><td><a href="#m8">verifyData</a></td></tr></tbody></table><h2>ChromeTest1</h2><h3 id="m0">com.tudor.swag.tests.suites.CubeSuite#verifyData</h3><table class="result"><tr class="param"><th>Parameter #1</th><th>Parameter #2</th><th>Parameter #3</th></tr><tr class="param stripe"><td>org.testng.TestRunner@79cbcf79</td><td>com.tudor.swag.tests.utils.TableData@2739c39e</td><td>CUBE_PnL_CUBE_INDEX</td></tr><tr><th colspan="3">Exception</th></tr><tr><td colspan="3"><div class="stacktrace">java.lang.AssertionError: The following asserts failed:

[Row: 2] [Column: 3] [Expected: -10,775,363,594.721382] [Actual: -10,775,363,594.721384], 
[Row: 4] [Column: 3] [Expected: -10,335,961,660.392012] [Actual: -10,335,961,660.39201]
	at com.tudor.swag.tests.utils.SoftAssertSwag.assertAll(SoftAssertSwag.java:573)
	at com.tudor.swag.tests.suites.common.SwagletSuite.verifyAlphaData(SwagletSuite.java:432)
	at com.tudor.swag.tests.suites.CubeSuite.verifyData(CubeSuite.java:23)
	at java.util.concurrent.FutureTask.run(FutureTask.java:266)
	at java.util.concurrent.ThreadPoolExecutor.runWorker(ThreadPoolExecutor.java:1149)
	at java.util.concurrent.ThreadPoolExecutor$Worker.run(ThreadPoolExecutor.java:624)
	at java.lang.Thread.run(Thread.java:748)
... Removed 17 stack frames</div></td></tr></table><p class="totop"><a href="#summary">back to summary</a></p><h3 id="m1">com.tudor.swag.tests.suites.CubeSuite#verifyData</h3><table class="result"><tr class="param"><th>Parameter #1</th><th>Parameter #2</th><th>Parameter #3</th></tr><tr class="param stripe"><td>org.testng.TestRunner@79cbcf79</td><td>com.tudor.swag.tests.utils.TableData@3ed77eae</td><td>CUBE_PnL_CUBE_INDEX</td></tr><tr><th colspan="3">Exception</th></tr><tr><td colspan="3"><div class="stacktrace">java.lang.AssertionError: The following asserts failed:

[Row: 2] [Column: 3] [Expected: -19,005,187,292.392773] [Actual: -19,005,187,292.39278], 
[Row: 6] [Column: 3] [Expected: -11,884,679,972.561125] [Actual: -11,884,679,972.561123]
	at com.tudor.swag.tests.utils.SoftAssertSwag.assertAll(SoftAssertSwag.java:573)
	at com.tudor.swag.tests.suites.common.SwagletSuite.verifyAlphaData(SwagletSuite.java:432)
	at com.tudor.swag.tests.suites.CubeSuite.verifyData(CubeSuite.java:23)
	at java.util.concurrent.FutureTask.run(FutureTask.java:266)
	at java.util.concurrent.ThreadPoolExecutor.runWorker(ThreadPoolExecutor.java:1149)
	at java.util.concurrent.ThreadPoolExecutor$Worker.run(ThreadPoolExecutor.java:624)
	at java.lang.Thread.run(Thread.java:748)
... Removed 17 stack frames</div></td></tr></table><p class="totop"><a href="#summary">back to summary</a></p><h3 id="m2">com.tudor.swag.tests.suites.CubeSuite#verifyData</h3><table class="result"><tr class="param"><th>Parameter #1</th><th>Parameter #2</th><th>Parameter #3</th></tr><tr class="param stripe"><td>org.testng.TestRunner@79cbcf79</td><td>com.tudor.swag.tests.utils.TableData@5cfbca7b</td><td>CUBE_PnL_CUBE_INDEX</td></tr><tr><th colspan="3">Exception</th></tr><tr><td colspan="3"><div class="stacktrace">java.lang.AssertionError: Prod return Exception, Alpha return data expected [true] but found [false]
	at com.tudor.swag.tests.suites.common.SwagletSuite.verifyAlphaData(SwagletSuite.java:423)
	at com.tudor.swag.tests.suites.CubeSuite.verifyData(CubeSuite.java:23)
	at java.util.concurrent.FutureTask.run(FutureTask.java:266)
	at java.util.concurrent.ThreadPoolExecutor.runWorker(ThreadPoolExecutor.java:1149)
	at java.util.concurrent.ThreadPoolExecutor$Worker.run(ThreadPoolExecutor.java:624)
	at java.lang.Thread.run(Thread.java:748)
... Removed 20 stack frames</div></td></tr></table><p class="totop"><a href="#summary">back to summary</a></p><h3 id="m3">com.tudor.swag.tests.suites.CubeSuite#verifyData</h3><table class="result"><tr class="param"><th>Parameter #1</th><th>Parameter #2</th><th>Parameter #3</th></tr><tr class="param stripe"><td>org.testng.TestRunner@79cbcf79</td><td>com.tudor.swag.tests.utils.TableData@ce45349</td><td>CUBE_PnL_CUBE_INDEX</td></tr><tr><th colspan="3">Exception</th></tr><tr><td colspan="3"><div class="stacktrace">java.lang.AssertionError: Prod return Exception, Alpha return data expected [true] but found [false]
	at com.tudor.swag.tests.suites.common.SwagletSuite.verifyAlphaData(SwagletSuite.java:423)
	at com.tudor.swag.tests.suites.CubeSuite.verifyData(CubeSuite.java:23)
	at java.util.concurrent.FutureTask.run(FutureTask.java:266)
	at java.util.concurrent.ThreadPoolExecutor.runWorker(ThreadPoolExecutor.java:1149)
	at java.util.concurrent.ThreadPoolExecutor$Worker.run(ThreadPoolExecutor.java:624)
	at java.lang.Thread.run(Thread.java:748)
... Removed 20 stack frames</div></td></tr></table><p class="totop"><a href="#summary">back to summary</a></p><h3 id="m4">com.tudor.swag.tests.suites.CubeSuite#verifyData</h3><table class="result"><tr class="param"><th>Parameter #1</th><th>Parameter #2</th><th>Parameter #3</th></tr><tr class="param stripe"><td>org.testng.TestRunner@79cbcf79</td><td>com.tudor.swag.tests.utils.TableData@6da96651</td><td>CUBE_PnL_CUBE_INDEX</td></tr><tr><th colspan="3">Exception</th></tr><tr><td colspan="3"><div class="stacktrace">java.lang.AssertionError: The following asserts failed:

[Row: 3] [Column: 3] [Expected: -10,450,435,953.219822] [Actual: -10,450,435,953.219824], 
[Row: 6] [Column: 3] [Expected: -9,918,452,801.226772] [Actual: -9,918,452,801.22677]
	at com.tudor.swag.tests.utils.SoftAssertSwag.assertAll(SoftAssertSwag.java:573)
	at com.tudor.swag.tests.suites.common.SwagletSuite.verifyAlphaData(SwagletSuite.java:432)
	at com.tudor.swag.tests.suites.CubeSuite.verifyData(CubeSuite.java:23)
	at java.util.concurrent.FutureTask.run(FutureTask.java:266)
	at java.util.concurrent.ThreadPoolExecutor.runWorker(ThreadPoolExecutor.java:1149)
	at java.util.concurrent.ThreadPoolExecutor$Worker.run(ThreadPoolExecutor.java:624)
	at java.lang.Thread.run(Thread.java:748)
... Removed 17 stack frames</div></td></tr></table><p class="totop"><a href="#summary">back to summary</a></p><h3 id="m5">com.tudor.swag.tests.suites.CubeSuite#verifyData</h3><table class="result"><tr class="param"><th>Parameter #1</th><th>Parameter #2</th><th>Parameter #3</th></tr><tr class="param stripe"><td>org.testng.TestRunner@79cbcf79</td><td>com.tudor.swag.tests.utils.TableData@45112cb4</td><td>CUBE_PnL_CUBE_INDEX</td></tr><tr><th colspan="3">Exception</th></tr><tr><td colspan="3"><div class="stacktrace">java.lang.AssertionError: Prod return Exception, Alpha return data expected [true] but found [false]
	at com.tudor.swag.tests.suites.common.SwagletSuite.verifyAlphaData(SwagletSuite.java:423)
	at com.tudor.swag.tests.suites.CubeSuite.verifyData(CubeSuite.java:23)
	at java.util.concurrent.FutureTask.run(FutureTask.java:266)
	at java.util.concurrent.ThreadPoolExecutor.runWorker(ThreadPoolExecutor.java:1149)
	at java.util.concurrent.ThreadPoolExecutor$Worker.run(ThreadPoolExecutor.java:624)
	at java.lang.Thread.run(Thread.java:748)
... Removed 20 stack frames</div></td></tr></table><p class="totop"><a href="#summary">back to summary</a></p><h3 id="m6">com.tudor.swag.tests.suites.CubeSuite#verifyData</h3><table class="result"><tr class="param"><th>Parameter #1</th><th>Parameter #2</th><th>Parameter #3</th></tr><tr class="param stripe"><td>org.testng.TestRunner@79cbcf79</td><td>com.tudor.swag.tests.utils.TableData@3c93dc74</td><td>CUBE_PnL_CUBE_INDEX</td></tr></table><p class="totop"><a href="#summary">back to summary</a></p><h3 id="m7">com.tudor.swag.tests.suites.CubeSuite#verifyData</h3><table class="result"><tr class="param"><th>Parameter #1</th><th>Parameter #2</th><th>Parameter #3</th></tr><tr class="param stripe"><td>org.testng.TestRunner@79cbcf79</td><td>com.tudor.swag.tests.utils.TableData@5e38f6a5</td><td>CUBE_PnL_CUBE_INDEX</td></tr></table><p class="totop"><a href="#summary">back to summary</a></p><h3 id="m8">com.tudor.swag.tests.suites.CubeSuite#verifyData</h3><table class="result"><tr class="param"><th>Parameter #1</th><th>Parameter #2</th><th>Parameter #3</th></tr><tr class="param stripe"><td>org.testng.TestRunner@79cbcf79</td><td>com.tudor.swag.tests.utils.TableData@3255c615</td><td>CUBE_PnL_CUBE_INDEX</td></tr></table><p class="totop"><a href="#summary">back to summary</a></p></body></html>