<?xml version="1.0" encoding="UTF-8"?>
<testng-results skipped="0" failed="6" total="9" passed="3">
  <reporter-output>
  </reporter-output>
  <suite name="Suite" duration-ms="388219" started-at="2021-06-04T15:58:30Z" finished-at="2021-06-04T16:04:58Z">
    <groups>
    </groups>
    <test name="ChromeTest1" duration-ms="388219" started-at="2021-06-04T15:58:30Z" finished-at="2021-06-04T16:04:58Z">
      <class name="com.tudor.swag.tests.suites.CubeSuite">
        <test-method status="PASS" signature="beforeSuite(org.testng.ITestContext)[pri:0, instance:com.tudor.swag.tests.suites.CubeSuite@39c0f4a]" name="beforeSuite" is-config="true" duration-ms="1240" started-at="2021-06-04T17:58:28Z" finished-at="2021-06-04T17:58:30Z">
          <params>
            <param index="0">
              <value>
                <![CDATA[org.testng.TestRunner@79cbcf79]]>
              </value>
            </param>
          </params>
          <reporter-output>
          </reporter-output>
        </test-method> <!-- beforeSuite -->
        <test-method status="PASS" signature="beforeTest()[pri:0, instance:com.tudor.swag.tests.suites.CubeSuite@39c0f4a]" name="beforeTest" is-config="true" duration-ms="0" started-at="2021-06-04T17:58:30Z" finished-at="2021-06-04T17:58:30Z">
          <reporter-output>
          </reporter-output>
        </test-method> <!-- beforeTest -->
        <test-method status="PASS" signature="beforeClass(org.testng.ITestContext)[pri:0, instance:com.tudor.swag.tests.suites.CubeSuite@39c0f4a]" name="beforeClass" is-config="true" duration-ms="6010" started-at="2021-06-04T17:58:30Z" finished-at="2021-06-04T17:58:36Z">
          <params>
            <param index="0">
              <value>
                <![CDATA[org.testng.TestRunner@79cbcf79]]>
              </value>
            </param>
          </params>
          <reporter-output>
          </reporter-output>
        </test-method> <!-- beforeClass -->
        <test-method status="PASS" signature="beforeMethod(java.lang.reflect.Method, org.testng.ITestContext)[pri:0, instance:com.tudor.swag.tests.suites.CubeSuite@39c0f4a]" name="beforeMethod" is-config="true" duration-ms="8" started-at="2021-06-04T17:58:36Z" finished-at="2021-06-04T17:58:36Z">
          <params>
            <param index="0">
              <value>
                <![CDATA[public void com.tudor.swag.tests.suites.CubeSuite.verifyData(org.testng.ITestContext,com.tudor.swag.tests.utils.TableData,com.tudor.swag.tests.pages.common.SwagletPage$Type)]]>
              </value>
            </param>
            <param index="1">
              <value>
                <![CDATA[org.testng.TestRunner@79cbcf79]]>
              </value>
            </param>
          </params>
          <reporter-output>
          </reporter-output>
        </test-method> <!-- beforeMethod -->
        <test-method status="FAIL" signature="verifyData(org.testng.ITestContext, com.tudor.swag.tests.utils.TableData, com.tudor.swag.tests.pages.common.SwagletPage$Type)[pri:0, instance:com.tudor.swag.tests.suites.CubeSuite@39c0f4a]" name="verifyData" duration-ms="100560" started-at="2021-06-04T17:58:36Z" data-provider="CubeSwagletData" finished-at="2021-06-04T18:00:16Z">
          <params>
            <param index="0">
              <value>
                <![CDATA[org.testng.TestRunner@79cbcf79]]>
              </value>
            </param>
            <param index="1">
              <value>
                <![CDATA[com.tudor.swag.tests.utils.TableData@45112cb4]]>
              </value>
            </param>
            <param index="2">
              <value>
                <![CDATA[CUBE_PnL_CUBE_INDEX]]>
              </value>
            </param>
          </params>
          <exception class="java.lang.AssertionError">
            <message>
              <![CDATA[Prod return Exception, Alpha return data expected [true] but found [false]]]>
            </message>
            <full-stacktrace>
              <![CDATA[java.lang.AssertionError: Prod return Exception, Alpha return data expected [true] but found [false]
	at org.testng.Assert.fail(Assert.java:94)
	at org.testng.Assert.failNotEquals(Assert.java:494)
	at org.testng.Assert.assertEquals(Assert.java:123)
	at org.testng.Assert.assertEquals(Assert.java:286)
	at com.tudor.swag.tests.suites.common.SwagletSuite.verifyAlphaData(SwagletSuite.java:423)
	at com.tudor.swag.tests.suites.CubeSuite.verifyData(CubeSuite.java:23)
	at sun.reflect.NativeMethodAccessorImpl.invoke0(Native Method)
	at sun.reflect.NativeMethodAccessorImpl.invoke(NativeMethodAccessorImpl.java:62)
	at sun.reflect.DelegatingMethodAccessorImpl.invoke(DelegatingMethodAccessorImpl.java:43)
	at java.lang.reflect.Method.invoke(Method.java:498)
	at org.testng.internal.MethodInvocationHelper.invokeMethod(MethodInvocationHelper.java:84)
	at org.testng.internal.Invoker.invokeMethod(Invoker.java:714)
	at org.testng.internal.Invoker.invokeTestMethod(Invoker.java:901)
	at org.testng.internal.Invoker.invokeTestMethods(Invoker.java:1231)
	at org.testng.internal.TestMethodWorker.invokeTestMethods(TestMethodWorker.java:127)
	at org.testng.internal.TestMethodWorker.run(TestMethodWorker.java:111)
	at org.testng.TestRunner.privateRun(TestRunner.java:767)
	at org.testng.TestRunner.run(TestRunner.java:617)
	at org.testng.SuiteRunner.runTest(SuiteRunner.java:334)
	at org.testng.SuiteRunner.access$000(SuiteRunner.java:37)
	at org.testng.SuiteRunner$SuiteWorker.run(SuiteRunner.java:368)
	at org.testng.internal.thread.ThreadUtil$2.call(ThreadUtil.java:64)
	at java.util.concurrent.FutureTask.run(FutureTask.java:266)
	at java.util.concurrent.ThreadPoolExecutor.runWorker(ThreadPoolExecutor.java:1149)
	at java.util.concurrent.ThreadPoolExecutor$Worker.run(ThreadPoolExecutor.java:624)
	at java.lang.Thread.run(Thread.java:748)
]]>
            </full-stacktrace>
          </exception> <!-- java.lang.AssertionError -->
          <reporter-output>
          </reporter-output>
        </test-method> <!-- verifyData -->
        <test-method status="PASS" signature="afterMethod(org.testng.ITestResult, boolean, java.lang.String)[pri:0, instance:com.tudor.swag.tests.suites.CubeSuite@39c0f4a]" name="afterMethod" is-config="true" duration-ms="162" started-at="2021-06-04T18:00:16Z" finished-at="2021-06-04T18:00:17Z">
          <params>
            <param index="0">
              <value>
                <![CDATA[[TestResult name=verifyData status=FAILURE method=CubeSuite.verifyData(org.testng.ITestContext, com.tudor.swag.tests.utils.TableData, com.tudor.swag.tests.pages.common.SwagletPage$Type)[pri:0, instance:com.tudor.swag.tests.suites.CubeSuite@39c0f4a] output={null}]]]>
              </value>
            </param>
            <param index="1">
              <value>
                <![CDATA[true]]>
              </value>
            </param>
            <param index="2">
              <value>
                <![CDATA[S:/Dept/SoftDevel/Selenium/SWAG/reports]]>
              </value>
            </param>
          </params>
          <reporter-output>
          </reporter-output>
        </test-method> <!-- afterMethod -->
        <test-method status="PASS" signature="beforeMethod(java.lang.reflect.Method, org.testng.ITestContext)[pri:0, instance:com.tudor.swag.tests.suites.CubeSuite@39c0f4a]" name="beforeMethod" is-config="true" duration-ms="1" started-at="2021-06-04T18:00:17Z" finished-at="2021-06-04T18:00:17Z">
          <params>
            <param index="0">
              <value>
                <![CDATA[public void com.tudor.swag.tests.suites.CubeSuite.verifyData(org.testng.ITestContext,com.tudor.swag.tests.utils.TableData,com.tudor.swag.tests.pages.common.SwagletPage$Type)]]>
              </value>
            </param>
            <param index="1">
              <value>
                <![CDATA[org.testng.TestRunner@79cbcf79]]>
              </value>
            </param>
          </params>
          <reporter-output>
          </reporter-output>
        </test-method> <!-- beforeMethod -->
        <test-method status="PASS" signature="verifyData(org.testng.ITestContext, com.tudor.swag.tests.utils.TableData, com.tudor.swag.tests.pages.common.SwagletPage$Type)[pri:0, instance:com.tudor.swag.tests.suites.CubeSuite@39c0f4a]" name="verifyData" duration-ms="18854" started-at="2021-06-04T18:00:17Z" data-provider="CubeSwagletData" finished-at="2021-06-04T18:00:35Z">
          <params>
            <param index="0">
              <value>
                <![CDATA[org.testng.TestRunner@79cbcf79]]>
              </value>
            </param>
            <param index="1">
              <value>
                <![CDATA[com.tudor.swag.tests.utils.TableData@5e38f6a5]]>
              </value>
            </param>
            <param index="2">
              <value>
                <![CDATA[CUBE_PnL_CUBE_INDEX]]>
              </value>
            </param>
          </params>
          <reporter-output>
          </reporter-output>
        </test-method> <!-- verifyData -->
        <test-method status="PASS" signature="beforeMethod(java.lang.reflect.Method, org.testng.ITestContext)[pri:0, instance:com.tudor.swag.tests.suites.CubeSuite@39c0f4a]" name="beforeMethod" is-config="true" duration-ms="1" started-at="2021-06-04T18:00:35Z" finished-at="2021-06-04T18:00:35Z">
          <params>
            <param index="0">
              <value>
                <![CDATA[public void com.tudor.swag.tests.suites.CubeSuite.verifyData(org.testng.ITestContext,com.tudor.swag.tests.utils.TableData,com.tudor.swag.tests.pages.common.SwagletPage$Type)]]>
              </value>
            </param>
            <param index="1">
              <value>
                <![CDATA[org.testng.TestRunner@79cbcf79]]>
              </value>
            </param>
          </params>
          <reporter-output>
          </reporter-output>
        </test-method> <!-- beforeMethod -->
        <test-method status="PASS" signature="afterMethod(org.testng.ITestResult, boolean, java.lang.String)[pri:0, instance:com.tudor.swag.tests.suites.CubeSuite@39c0f4a]" name="afterMethod" is-config="true" duration-ms="0" started-at="2021-06-04T18:00:35Z" finished-at="2021-06-04T18:00:35Z">
          <params>
            <param index="0">
              <value>
                <![CDATA[[TestResult name=verifyData status=SUCCESS method=CubeSuite.verifyData(org.testng.ITestContext, com.tudor.swag.tests.utils.TableData, com.tudor.swag.tests.pages.common.SwagletPage$Type)[pri:0, instance:com.tudor.swag.tests.suites.CubeSuite@39c0f4a] output={null}]]]>
              </value>
            </param>
            <param index="1">
              <value>
                <![CDATA[true]]>
              </value>
            </param>
            <param index="2">
              <value>
                <![CDATA[S:/Dept/SoftDevel/Selenium/SWAG/reports]]>
              </value>
            </param>
          </params>
          <reporter-output>
          </reporter-output>
        </test-method> <!-- afterMethod -->
        <test-method status="FAIL" signature="verifyData(org.testng.ITestContext, com.tudor.swag.tests.utils.TableData, com.tudor.swag.tests.pages.common.SwagletPage$Type)[pri:0, instance:com.tudor.swag.tests.suites.CubeSuite@39c0f4a]" name="verifyData" duration-ms="10850" started-at="2021-06-04T18:00:35Z" data-provider="CubeSwagletData" finished-at="2021-06-04T18:00:46Z">
          <params>
            <param index="0">
              <value>
                <![CDATA[org.testng.TestRunner@79cbcf79]]>
              </value>
            </param>
            <param index="1">
              <value>
                <![CDATA[com.tudor.swag.tests.utils.TableData@6da96651]]>
              </value>
            </param>
            <param index="2">
              <value>
                <![CDATA[CUBE_PnL_CUBE_INDEX]]>
              </value>
            </param>
          </params>
          <exception class="java.lang.AssertionError">
            <message>
              <![CDATA[The following asserts failed:

[Row: 3] [Column: 3] [Expected: -10,450,435,953.219822] [Actual: -10,450,435,953.219824], 
[Row: 6] [Column: 3] [Expected: -9,918,452,801.226772] [Actual: -9,918,452,801.22677]]]>
            </message>
            <full-stacktrace>
              <![CDATA[java.lang.AssertionError: The following asserts failed:

[Row: 3] [Column: 3] [Expected: -10,450,435,953.219822] [Actual: -10,450,435,953.219824], 
[Row: 6] [Column: 3] [Expected: -9,918,452,801.226772] [Actual: -9,918,452,801.22677]
	at org.testng.asserts.SoftAssert.assertAll(SoftAssert.java:38)
	at com.tudor.swag.tests.utils.SoftAssertSwag.assertAll(SoftAssertSwag.java:573)
	at com.tudor.swag.tests.suites.common.SwagletSuite.verifyAlphaData(SwagletSuite.java:432)
	at com.tudor.swag.tests.suites.CubeSuite.verifyData(CubeSuite.java:23)
	at sun.reflect.NativeMethodAccessorImpl.invoke0(Native Method)
	at sun.reflect.NativeMethodAccessorImpl.invoke(NativeMethodAccessorImpl.java:62)
	at sun.reflect.DelegatingMethodAccessorImpl.invoke(DelegatingMethodAccessorImpl.java:43)
	at java.lang.reflect.Method.invoke(Method.java:498)
	at org.testng.internal.MethodInvocationHelper.invokeMethod(MethodInvocationHelper.java:84)
	at org.testng.internal.Invoker.invokeMethod(Invoker.java:714)
	at org.testng.internal.Invoker.invokeTestMethod(Invoker.java:901)
	at org.testng.internal.Invoker.invokeTestMethods(Invoker.java:1231)
	at org.testng.internal.TestMethodWorker.invokeTestMethods(TestMethodWorker.java:127)
	at org.testng.internal.TestMethodWorker.run(TestMethodWorker.java:111)
	at org.testng.TestRunner.privateRun(TestRunner.java:767)
	at org.testng.TestRunner.run(TestRunner.java:617)
	at org.testng.SuiteRunner.runTest(SuiteRunner.java:334)
	at org.testng.SuiteRunner.access$000(SuiteRunner.java:37)
	at org.testng.SuiteRunner$SuiteWorker.run(SuiteRunner.java:368)
	at org.testng.internal.thread.ThreadUtil$2.call(ThreadUtil.java:64)
	at java.util.concurrent.FutureTask.run(FutureTask.java:266)
	at java.util.concurrent.ThreadPoolExecutor.runWorker(ThreadPoolExecutor.java:1149)
	at java.util.concurrent.ThreadPoolExecutor$Worker.run(ThreadPoolExecutor.java:624)
	at java.lang.Thread.run(Thread.java:748)
]]>
            </full-stacktrace>
          </exception> <!-- java.lang.AssertionError -->
          <reporter-output>
          </reporter-output>
        </test-method> <!-- verifyData -->
        <test-method status="PASS" signature="afterMethod(org.testng.ITestResult, boolean, java.lang.String)[pri:0, instance:com.tudor.swag.tests.suites.CubeSuite@39c0f4a]" name="afterMethod" is-config="true" duration-ms="175" started-at="2021-06-04T18:00:46Z" finished-at="2021-06-04T18:00:46Z">
          <params>
            <param index="0">
              <value>
                <![CDATA[[TestResult name=verifyData status=FAILURE method=CubeSuite.verifyData(org.testng.ITestContext, com.tudor.swag.tests.utils.TableData, com.tudor.swag.tests.pages.common.SwagletPage$Type)[pri:0, instance:com.tudor.swag.tests.suites.CubeSuite@39c0f4a] output={null}]]]>
              </value>
            </param>
            <param index="1">
              <value>
                <![CDATA[true]]>
              </value>
            </param>
            <param index="2">
              <value>
                <![CDATA[S:/Dept/SoftDevel/Selenium/SWAG/reports]]>
              </value>
            </param>
          </params>
          <reporter-output>
          </reporter-output>
        </test-method> <!-- afterMethod -->
        <test-method status="PASS" signature="beforeMethod(java.lang.reflect.Method, org.testng.ITestContext)[pri:0, instance:com.tudor.swag.tests.suites.CubeSuite@39c0f4a]" name="beforeMethod" is-config="true" duration-ms="1" started-at="2021-06-04T18:00:46Z" finished-at="2021-06-04T18:00:46Z">
          <params>
            <param index="0">
              <value>
                <![CDATA[public void com.tudor.swag.tests.suites.CubeSuite.verifyData(org.testng.ITestContext,com.tudor.swag.tests.utils.TableData,com.tudor.swag.tests.pages.common.SwagletPage$Type)]]>
              </value>
            </param>
            <param index="1">
              <value>
                <![CDATA[org.testng.TestRunner@79cbcf79]]>
              </value>
            </param>
          </params>
          <reporter-output>
          </reporter-output>
        </test-method> <!-- beforeMethod -->
        <test-method status="FAIL" signature="verifyData(org.testng.ITestContext, com.tudor.swag.tests.utils.TableData, com.tudor.swag.tests.pages.common.SwagletPage$Type)[pri:0, instance:com.tudor.swag.tests.suites.CubeSuite@39c0f4a]" name="verifyData" duration-ms="95358" started-at="2021-06-04T18:00:46Z" data-provider="CubeSwagletData" finished-at="2021-06-04T18:02:22Z">
          <params>
            <param index="0">
              <value>
                <![CDATA[org.testng.TestRunner@79cbcf79]]>
              </value>
            </param>
            <param index="1">
              <value>
                <![CDATA[com.tudor.swag.tests.utils.TableData@5cfbca7b]]>
              </value>
            </param>
            <param index="2">
              <value>
                <![CDATA[CUBE_PnL_CUBE_INDEX]]>
              </value>
            </param>
          </params>
          <exception class="java.lang.AssertionError">
            <message>
              <![CDATA[Prod return Exception, Alpha return data expected [true] but found [false]]]>
            </message>
            <full-stacktrace>
              <![CDATA[java.lang.AssertionError: Prod return Exception, Alpha return data expected [true] but found [false]
	at org.testng.Assert.fail(Assert.java:94)
	at org.testng.Assert.failNotEquals(Assert.java:494)
	at org.testng.Assert.assertEquals(Assert.java:123)
	at org.testng.Assert.assertEquals(Assert.java:286)
	at com.tudor.swag.tests.suites.common.SwagletSuite.verifyAlphaData(SwagletSuite.java:423)
	at com.tudor.swag.tests.suites.CubeSuite.verifyData(CubeSuite.java:23)
	at sun.reflect.NativeMethodAccessorImpl.invoke0(Native Method)
	at sun.reflect.NativeMethodAccessorImpl.invoke(NativeMethodAccessorImpl.java:62)
	at sun.reflect.DelegatingMethodAccessorImpl.invoke(DelegatingMethodAccessorImpl.java:43)
	at java.lang.reflect.Method.invoke(Method.java:498)
	at org.testng.internal.MethodInvocationHelper.invokeMethod(MethodInvocationHelper.java:84)
	at org.testng.internal.Invoker.invokeMethod(Invoker.java:714)
	at org.testng.internal.Invoker.invokeTestMethod(Invoker.java:901)
	at org.testng.internal.Invoker.invokeTestMethods(Invoker.java:1231)
	at org.testng.internal.TestMethodWorker.invokeTestMethods(TestMethodWorker.java:127)
	at org.testng.internal.TestMethodWorker.run(TestMethodWorker.java:111)
	at org.testng.TestRunner.privateRun(TestRunner.java:767)
	at org.testng.TestRunner.run(TestRunner.java:617)
	at org.testng.SuiteRunner.runTest(SuiteRunner.java:334)
	at org.testng.SuiteRunner.access$000(SuiteRunner.java:37)
	at org.testng.SuiteRunner$SuiteWorker.run(SuiteRunner.java:368)
	at org.testng.internal.thread.ThreadUtil$2.call(ThreadUtil.java:64)
	at java.util.concurrent.FutureTask.run(FutureTask.java:266)
	at java.util.concurrent.ThreadPoolExecutor.runWorker(ThreadPoolExecutor.java:1149)
	at java.util.concurrent.ThreadPoolExecutor$Worker.run(ThreadPoolExecutor.java:624)
	at java.lang.Thread.run(Thread.java:748)
]]>
            </full-stacktrace>
          </exception> <!-- java.lang.AssertionError -->
          <reporter-output>
          </reporter-output>
        </test-method> <!-- verifyData -->
        <test-method status="PASS" signature="afterMethod(org.testng.ITestResult, boolean, java.lang.String)[pri:0, instance:com.tudor.swag.tests.suites.CubeSuite@39c0f4a]" name="afterMethod" is-config="true" duration-ms="155" started-at="2021-06-04T18:02:22Z" finished-at="2021-06-04T18:02:22Z">
          <params>
            <param index="0">
              <value>
                <![CDATA[[TestResult name=verifyData status=FAILURE method=CubeSuite.verifyData(org.testng.ITestContext, com.tudor.swag.tests.utils.TableData, com.tudor.swag.tests.pages.common.SwagletPage$Type)[pri:0, instance:com.tudor.swag.tests.suites.CubeSuite@39c0f4a] output={null}]]]>
              </value>
            </param>
            <param index="1">
              <value>
                <![CDATA[true]]>
              </value>
            </param>
            <param index="2">
              <value>
                <![CDATA[S:/Dept/SoftDevel/Selenium/SWAG/reports]]>
              </value>
            </param>
          </params>
          <reporter-output>
          </reporter-output>
        </test-method> <!-- afterMethod -->
        <test-method status="PASS" signature="beforeMethod(java.lang.reflect.Method, org.testng.ITestContext)[pri:0, instance:com.tudor.swag.tests.suites.CubeSuite@39c0f4a]" name="beforeMethod" is-config="true" duration-ms="0" started-at="2021-06-04T18:02:22Z" finished-at="2021-06-04T18:02:22Z">
          <params>
            <param index="0">
              <value>
                <![CDATA[public void com.tudor.swag.tests.suites.CubeSuite.verifyData(org.testng.ITestContext,com.tudor.swag.tests.utils.TableData,com.tudor.swag.tests.pages.common.SwagletPage$Type)]]>
              </value>
            </param>
            <param index="1">
              <value>
                <![CDATA[org.testng.TestRunner@79cbcf79]]>
              </value>
            </param>
          </params>
          <reporter-output>
          </reporter-output>
        </test-method> <!-- beforeMethod -->
        <test-method status="PASS" signature="verifyData(org.testng.ITestContext, com.tudor.swag.tests.utils.TableData, com.tudor.swag.tests.pages.common.SwagletPage$Type)[pri:0, instance:com.tudor.swag.tests.suites.CubeSuite@39c0f4a]" name="verifyData" duration-ms="20141" started-at="2021-06-04T18:02:22Z" data-provider="CubeSwagletData" finished-at="2021-06-04T18:02:42Z">
          <params>
            <param index="0">
              <value>
                <![CDATA[org.testng.TestRunner@79cbcf79]]>
              </value>
            </param>
            <param index="1">
              <value>
                <![CDATA[com.tudor.swag.tests.utils.TableData@3255c615]]>
              </value>
            </param>
            <param index="2">
              <value>
                <![CDATA[CUBE_PnL_CUBE_INDEX]]>
              </value>
            </param>
          </params>
          <reporter-output>
          </reporter-output>
        </test-method> <!-- verifyData -->
        <test-method status="FAIL" signature="verifyData(org.testng.ITestContext, com.tudor.swag.tests.utils.TableData, com.tudor.swag.tests.pages.common.SwagletPage$Type)[pri:0, instance:com.tudor.swag.tests.suites.CubeSuite@39c0f4a]" name="verifyData" duration-ms="9208" started-at="2021-06-04T18:02:42Z" data-provider="CubeSwagletData" finished-at="2021-06-04T18:02:51Z">
          <params>
            <param index="0">
              <value>
                <![CDATA[org.testng.TestRunner@79cbcf79]]>
              </value>
            </param>
            <param index="1">
              <value>
                <![CDATA[com.tudor.swag.tests.utils.TableData@2739c39e]]>
              </value>
            </param>
            <param index="2">
              <value>
                <![CDATA[CUBE_PnL_CUBE_INDEX]]>
              </value>
            </param>
          </params>
          <exception class="java.lang.AssertionError">
            <message>
              <![CDATA[The following asserts failed:

[Row: 2] [Column: 3] [Expected: -10,775,363,594.721382] [Actual: -10,775,363,594.721384], 
[Row: 4] [Column: 3] [Expected: -10,335,961,660.392012] [Actual: -10,335,961,660.39201]]]>
            </message>
            <full-stacktrace>
              <![CDATA[java.lang.AssertionError: The following asserts failed:

[Row: 2] [Column: 3] [Expected: -10,775,363,594.721382] [Actual: -10,775,363,594.721384], 
[Row: 4] [Column: 3] [Expected: -10,335,961,660.392012] [Actual: -10,335,961,660.39201]
	at org.testng.asserts.SoftAssert.assertAll(SoftAssert.java:38)
	at com.tudor.swag.tests.utils.SoftAssertSwag.assertAll(SoftAssertSwag.java:573)
	at com.tudor.swag.tests.suites.common.SwagletSuite.verifyAlphaData(SwagletSuite.java:432)
	at com.tudor.swag.tests.suites.CubeSuite.verifyData(CubeSuite.java:23)
	at sun.reflect.NativeMethodAccessorImpl.invoke0(Native Method)
	at sun.reflect.NativeMethodAccessorImpl.invoke(NativeMethodAccessorImpl.java:62)
	at sun.reflect.DelegatingMethodAccessorImpl.invoke(DelegatingMethodAccessorImpl.java:43)
	at java.lang.reflect.Method.invoke(Method.java:498)
	at org.testng.internal.MethodInvocationHelper.invokeMethod(MethodInvocationHelper.java:84)
	at org.testng.internal.Invoker.invokeMethod(Invoker.java:714)
	at org.testng.internal.Invoker.invokeTestMethod(Invoker.java:901)
	at org.testng.internal.Invoker.invokeTestMethods(Invoker.java:1231)
	at org.testng.internal.TestMethodWorker.invokeTestMethods(TestMethodWorker.java:127)
	at org.testng.internal.TestMethodWorker.run(TestMethodWorker.java:111)
	at org.testng.TestRunner.privateRun(TestRunner.java:767)
	at org.testng.TestRunner.run(TestRunner.java:617)
	at org.testng.SuiteRunner.runTest(SuiteRunner.java:334)
	at org.testng.SuiteRunner.access$000(SuiteRunner.java:37)
	at org.testng.SuiteRunner$SuiteWorker.run(SuiteRunner.java:368)
	at org.testng.internal.thread.ThreadUtil$2.call(ThreadUtil.java:64)
	at java.util.concurrent.FutureTask.run(FutureTask.java:266)
	at java.util.concurrent.ThreadPoolExecutor.runWorker(ThreadPoolExecutor.java:1149)
	at java.util.concurrent.ThreadPoolExecutor$Worker.run(ThreadPoolExecutor.java:624)
	at java.lang.Thread.run(Thread.java:748)
]]>
            </full-stacktrace>
          </exception> <!-- java.lang.AssertionError -->
          <reporter-output>
          </reporter-output>
        </test-method> <!-- verifyData -->
        <test-method status="PASS" signature="beforeMethod(java.lang.reflect.Method, org.testng.ITestContext)[pri:0, instance:com.tudor.swag.tests.suites.CubeSuite@39c0f4a]" name="beforeMethod" is-config="true" duration-ms="0" started-at="2021-06-04T18:02:42Z" finished-at="2021-06-04T18:02:42Z">
          <params>
            <param index="0">
              <value>
                <![CDATA[public void com.tudor.swag.tests.suites.CubeSuite.verifyData(org.testng.ITestContext,com.tudor.swag.tests.utils.TableData,com.tudor.swag.tests.pages.common.SwagletPage$Type)]]>
              </value>
            </param>
            <param index="1">
              <value>
                <![CDATA[org.testng.TestRunner@79cbcf79]]>
              </value>
            </param>
          </params>
          <reporter-output>
          </reporter-output>
        </test-method> <!-- beforeMethod -->
        <test-method status="PASS" signature="afterMethod(org.testng.ITestResult, boolean, java.lang.String)[pri:0, instance:com.tudor.swag.tests.suites.CubeSuite@39c0f4a]" name="afterMethod" is-config="true" duration-ms="0" started-at="2021-06-04T18:02:42Z" finished-at="2021-06-04T18:02:42Z">
          <params>
            <param index="0">
              <value>
                <![CDATA[[TestResult name=verifyData status=SUCCESS method=CubeSuite.verifyData(org.testng.ITestContext, com.tudor.swag.tests.utils.TableData, com.tudor.swag.tests.pages.common.SwagletPage$Type)[pri:0, instance:com.tudor.swag.tests.suites.CubeSuite@39c0f4a] output={null}]]]>
              </value>
            </param>
            <param index="1">
              <value>
                <![CDATA[true]]>
              </value>
            </param>
            <param index="2">
              <value>
                <![CDATA[S:/Dept/SoftDevel/Selenium/SWAG/reports]]>
              </value>
            </param>
          </params>
          <reporter-output>
          </reporter-output>
        </test-method> <!-- afterMethod -->
        <test-method status="PASS" signature="afterMethod(org.testng.ITestResult, boolean, java.lang.String)[pri:0, instance:com.tudor.swag.tests.suites.CubeSuite@39c0f4a]" name="afterMethod" is-config="true" duration-ms="180" started-at="2021-06-04T18:02:51Z" finished-at="2021-06-04T18:02:51Z">
          <params>
            <param index="0">
              <value>
                <![CDATA[[TestResult name=verifyData status=FAILURE method=CubeSuite.verifyData(org.testng.ITestContext, com.tudor.swag.tests.utils.TableData, com.tudor.swag.tests.pages.common.SwagletPage$Type)[pri:0, instance:com.tudor.swag.tests.suites.CubeSuite@39c0f4a] output={null}]]]>
              </value>
            </param>
            <param index="1">
              <value>
                <![CDATA[true]]>
              </value>
            </param>
            <param index="2">
              <value>
                <![CDATA[S:/Dept/SoftDevel/Selenium/SWAG/reports]]>
              </value>
            </param>
          </params>
          <reporter-output>
          </reporter-output>
        </test-method> <!-- afterMethod -->
        <test-method status="PASS" signature="beforeMethod(java.lang.reflect.Method, org.testng.ITestContext)[pri:0, instance:com.tudor.swag.tests.suites.CubeSuite@39c0f4a]" name="beforeMethod" is-config="true" duration-ms="0" started-at="2021-06-04T18:02:51Z" finished-at="2021-06-04T18:02:51Z">
          <params>
            <param index="0">
              <value>
                <![CDATA[public void com.tudor.swag.tests.suites.CubeSuite.verifyData(org.testng.ITestContext,com.tudor.swag.tests.utils.TableData,com.tudor.swag.tests.pages.common.SwagletPage$Type)]]>
              </value>
            </param>
            <param index="1">
              <value>
                <![CDATA[org.testng.TestRunner@79cbcf79]]>
              </value>
            </param>
          </params>
          <reporter-output>
          </reporter-output>
        </test-method> <!-- beforeMethod -->
        <test-method status="FAIL" signature="verifyData(org.testng.ITestContext, com.tudor.swag.tests.utils.TableData, com.tudor.swag.tests.pages.common.SwagletPage$Type)[pri:0, instance:com.tudor.swag.tests.suites.CubeSuite@39c0f4a]" name="verifyData" duration-ms="96676" started-at="2021-06-04T18:02:51Z" data-provider="CubeSwagletData" finished-at="2021-06-04T18:04:28Z">
          <params>
            <param index="0">
              <value>
                <![CDATA[org.testng.TestRunner@79cbcf79]]>
              </value>
            </param>
            <param index="1">
              <value>
                <![CDATA[com.tudor.swag.tests.utils.TableData@ce45349]]>
              </value>
            </param>
            <param index="2">
              <value>
                <![CDATA[CUBE_PnL_CUBE_INDEX]]>
              </value>
            </param>
          </params>
          <exception class="java.lang.AssertionError">
            <message>
              <![CDATA[Prod return Exception, Alpha return data expected [true] but found [false]]]>
            </message>
            <full-stacktrace>
              <![CDATA[java.lang.AssertionError: Prod return Exception, Alpha return data expected [true] but found [false]
	at org.testng.Assert.fail(Assert.java:94)
	at org.testng.Assert.failNotEquals(Assert.java:494)
	at org.testng.Assert.assertEquals(Assert.java:123)
	at org.testng.Assert.assertEquals(Assert.java:286)
	at com.tudor.swag.tests.suites.common.SwagletSuite.verifyAlphaData(SwagletSuite.java:423)
	at com.tudor.swag.tests.suites.CubeSuite.verifyData(CubeSuite.java:23)
	at sun.reflect.NativeMethodAccessorImpl.invoke0(Native Method)
	at sun.reflect.NativeMethodAccessorImpl.invoke(NativeMethodAccessorImpl.java:62)
	at sun.reflect.DelegatingMethodAccessorImpl.invoke(DelegatingMethodAccessorImpl.java:43)
	at java.lang.reflect.Method.invoke(Method.java:498)
	at org.testng.internal.MethodInvocationHelper.invokeMethod(MethodInvocationHelper.java:84)
	at org.testng.internal.Invoker.invokeMethod(Invoker.java:714)
	at org.testng.internal.Invoker.invokeTestMethod(Invoker.java:901)
	at org.testng.internal.Invoker.invokeTestMethods(Invoker.java:1231)
	at org.testng.internal.TestMethodWorker.invokeTestMethods(TestMethodWorker.java:127)
	at org.testng.internal.TestMethodWorker.run(TestMethodWorker.java:111)
	at org.testng.TestRunner.privateRun(TestRunner.java:767)
	at org.testng.TestRunner.run(TestRunner.java:617)
	at org.testng.SuiteRunner.runTest(SuiteRunner.java:334)
	at org.testng.SuiteRunner.access$000(SuiteRunner.java:37)
	at org.testng.SuiteRunner$SuiteWorker.run(SuiteRunner.java:368)
	at org.testng.internal.thread.ThreadUtil$2.call(ThreadUtil.java:64)
	at java.util.concurrent.FutureTask.run(FutureTask.java:266)
	at java.util.concurrent.ThreadPoolExecutor.runWorker(ThreadPoolExecutor.java:1149)
	at java.util.concurrent.ThreadPoolExecutor$Worker.run(ThreadPoolExecutor.java:624)
	at java.lang.Thread.run(Thread.java:748)
]]>
            </full-stacktrace>
          </exception> <!-- java.lang.AssertionError -->
          <reporter-output>
          </reporter-output>
        </test-method> <!-- verifyData -->
        <test-method status="PASS" signature="afterMethod(org.testng.ITestResult, boolean, java.lang.String)[pri:0, instance:com.tudor.swag.tests.suites.CubeSuite@39c0f4a]" name="afterMethod" is-config="true" duration-ms="156" started-at="2021-06-04T18:04:28Z" finished-at="2021-06-04T18:04:28Z">
          <params>
            <param index="0">
              <value>
                <![CDATA[[TestResult name=verifyData status=FAILURE method=CubeSuite.verifyData(org.testng.ITestContext, com.tudor.swag.tests.utils.TableData, com.tudor.swag.tests.pages.common.SwagletPage$Type)[pri:0, instance:com.tudor.swag.tests.suites.CubeSuite@39c0f4a] output={null}]]]>
              </value>
            </param>
            <param index="1">
              <value>
                <![CDATA[true]]>
              </value>
            </param>
            <param index="2">
              <value>
                <![CDATA[S:/Dept/SoftDevel/Selenium/SWAG/reports]]>
              </value>
            </param>
          </params>
          <reporter-output>
          </reporter-output>
        </test-method> <!-- afterMethod -->
        <test-method status="PASS" signature="verifyData(org.testng.ITestContext, com.tudor.swag.tests.utils.TableData, com.tudor.swag.tests.pages.common.SwagletPage$Type)[pri:0, instance:com.tudor.swag.tests.suites.CubeSuite@39c0f4a]" name="verifyData" duration-ms="19762" started-at="2021-06-04T18:04:28Z" data-provider="CubeSwagletData" finished-at="2021-06-04T18:04:48Z">
          <params>
            <param index="0">
              <value>
                <![CDATA[org.testng.TestRunner@79cbcf79]]>
              </value>
            </param>
            <param index="1">
              <value>
                <![CDATA[com.tudor.swag.tests.utils.TableData@3c93dc74]]>
              </value>
            </param>
            <param index="2">
              <value>
                <![CDATA[CUBE_PnL_CUBE_INDEX]]>
              </value>
            </param>
          </params>
          <reporter-output>
          </reporter-output>
        </test-method> <!-- verifyData -->
        <test-method status="PASS" signature="beforeMethod(java.lang.reflect.Method, org.testng.ITestContext)[pri:0, instance:com.tudor.swag.tests.suites.CubeSuite@39c0f4a]" name="beforeMethod" is-config="true" duration-ms="0" started-at="2021-06-04T18:04:28Z" finished-at="2021-06-04T18:04:28Z">
          <params>
            <param index="0">
              <value>
                <![CDATA[public void com.tudor.swag.tests.suites.CubeSuite.verifyData(org.testng.ITestContext,com.tudor.swag.tests.utils.TableData,com.tudor.swag.tests.pages.common.SwagletPage$Type)]]>
              </value>
            </param>
            <param index="1">
              <value>
                <![CDATA[org.testng.TestRunner@79cbcf79]]>
              </value>
            </param>
          </params>
          <reporter-output>
          </reporter-output>
        </test-method> <!-- beforeMethod -->
        <test-method status="PASS" signature="afterMethod(org.testng.ITestResult, boolean, java.lang.String)[pri:0, instance:com.tudor.swag.tests.suites.CubeSuite@39c0f4a]" name="afterMethod" is-config="true" duration-ms="1" started-at="2021-06-04T18:04:48Z" finished-at="2021-06-04T18:04:48Z">
          <params>
            <param index="0">
              <value>
                <![CDATA[[TestResult name=verifyData status=SUCCESS method=CubeSuite.verifyData(org.testng.ITestContext, com.tudor.swag.tests.utils.TableData, com.tudor.swag.tests.pages.common.SwagletPage$Type)[pri:0, instance:com.tudor.swag.tests.suites.CubeSuite@39c0f4a] output={null}]]]>
              </value>
            </param>
            <param index="1">
              <value>
                <![CDATA[true]]>
              </value>
            </param>
            <param index="2">
              <value>
                <![CDATA[S:/Dept/SoftDevel/Selenium/SWAG/reports]]>
              </value>
            </param>
          </params>
          <reporter-output>
          </reporter-output>
        </test-method> <!-- afterMethod -->
        <test-method status="PASS" signature="beforeMethod(java.lang.reflect.Method, org.testng.ITestContext)[pri:0, instance:com.tudor.swag.tests.suites.CubeSuite@39c0f4a]" name="beforeMethod" is-config="true" duration-ms="0" started-at="2021-06-04T18:04:48Z" finished-at="2021-06-04T18:04:48Z">
          <params>
            <param index="0">
              <value>
                <![CDATA[public void com.tudor.swag.tests.suites.CubeSuite.verifyData(org.testng.ITestContext,com.tudor.swag.tests.utils.TableData,com.tudor.swag.tests.pages.common.SwagletPage$Type)]]>
              </value>
            </param>
            <param index="1">
              <value>
                <![CDATA[org.testng.TestRunner@79cbcf79]]>
              </value>
            </param>
          </params>
          <reporter-output>
          </reporter-output>
        </test-method> <!-- beforeMethod -->
        <test-method status="FAIL" signature="verifyData(org.testng.ITestContext, com.tudor.swag.tests.utils.TableData, com.tudor.swag.tests.pages.common.SwagletPage$Type)[pri:0, instance:com.tudor.swag.tests.suites.CubeSuite@39c0f4a]" name="verifyData" duration-ms="8537" started-at="2021-06-04T18:04:48Z" data-provider="CubeSwagletData" finished-at="2021-06-04T18:04:57Z">
          <params>
            <param index="0">
              <value>
                <![CDATA[org.testng.TestRunner@79cbcf79]]>
              </value>
            </param>
            <param index="1">
              <value>
                <![CDATA[com.tudor.swag.tests.utils.TableData@3ed77eae]]>
              </value>
            </param>
            <param index="2">
              <value>
                <![CDATA[CUBE_PnL_CUBE_INDEX]]>
              </value>
            </param>
          </params>
          <exception class="java.lang.AssertionError">
            <message>
              <![CDATA[The following asserts failed:

[Row: 2] [Column: 3] [Expected: -19,005,187,292.392773] [Actual: -19,005,187,292.39278], 
[Row: 6] [Column: 3] [Expected: -11,884,679,972.561125] [Actual: -11,884,679,972.561123]]]>
            </message>
            <full-stacktrace>
              <![CDATA[java.lang.AssertionError: The following asserts failed:

[Row: 2] [Column: 3] [Expected: -19,005,187,292.392773] [Actual: -19,005,187,292.39278], 
[Row: 6] [Column: 3] [Expected: -11,884,679,972.561125] [Actual: -11,884,679,972.561123]
	at org.testng.asserts.SoftAssert.assertAll(SoftAssert.java:38)
	at com.tudor.swag.tests.utils.SoftAssertSwag.assertAll(SoftAssertSwag.java:573)
	at com.tudor.swag.tests.suites.common.SwagletSuite.verifyAlphaData(SwagletSuite.java:432)
	at com.tudor.swag.tests.suites.CubeSuite.verifyData(CubeSuite.java:23)
	at sun.reflect.NativeMethodAccessorImpl.invoke0(Native Method)
	at sun.reflect.NativeMethodAccessorImpl.invoke(NativeMethodAccessorImpl.java:62)
	at sun.reflect.DelegatingMethodAccessorImpl.invoke(DelegatingMethodAccessorImpl.java:43)
	at java.lang.reflect.Method.invoke(Method.java:498)
	at org.testng.internal.MethodInvocationHelper.invokeMethod(MethodInvocationHelper.java:84)
	at org.testng.internal.Invoker.invokeMethod(Invoker.java:714)
	at org.testng.internal.Invoker.invokeTestMethod(Invoker.java:901)
	at org.testng.internal.Invoker.invokeTestMethods(Invoker.java:1231)
	at org.testng.internal.TestMethodWorker.invokeTestMethods(TestMethodWorker.java:127)
	at org.testng.internal.TestMethodWorker.run(TestMethodWorker.java:111)
	at org.testng.TestRunner.privateRun(TestRunner.java:767)
	at org.testng.TestRunner.run(TestRunner.java:617)
	at org.testng.SuiteRunner.runTest(SuiteRunner.java:334)
	at org.testng.SuiteRunner.access$000(SuiteRunner.java:37)
	at org.testng.SuiteRunner$SuiteWorker.run(SuiteRunner.java:368)
	at org.testng.internal.thread.ThreadUtil$2.call(ThreadUtil.java:64)
	at java.util.concurrent.FutureTask.run(FutureTask.java:266)
	at java.util.concurrent.ThreadPoolExecutor.runWorker(ThreadPoolExecutor.java:1149)
	at java.util.concurrent.ThreadPoolExecutor$Worker.run(ThreadPoolExecutor.java:624)
	at java.lang.Thread.run(Thread.java:748)
]]>
            </full-stacktrace>
          </exception> <!-- java.lang.AssertionError -->
          <reporter-output>
          </reporter-output>
        </test-method> <!-- verifyData -->
        <test-method status="PASS" signature="afterMethod(org.testng.ITestResult, boolean, java.lang.String)[pri:0, instance:com.tudor.swag.tests.suites.CubeSuite@39c0f4a]" name="afterMethod" is-config="true" duration-ms="174" started-at="2021-06-04T18:04:57Z" finished-at="2021-06-04T18:04:57Z">
          <params>
            <param index="0">
              <value>
                <![CDATA[[TestResult name=verifyData status=FAILURE method=CubeSuite.verifyData(org.testng.ITestContext, com.tudor.swag.tests.utils.TableData, com.tudor.swag.tests.pages.common.SwagletPage$Type)[pri:0, instance:com.tudor.swag.tests.suites.CubeSuite@39c0f4a] output={null}]]]>
              </value>
            </param>
            <param index="1">
              <value>
                <![CDATA[true]]>
              </value>
            </param>
            <param index="2">
              <value>
                <![CDATA[S:/Dept/SoftDevel/Selenium/SWAG/reports]]>
              </value>
            </param>
          </params>
          <reporter-output>
          </reporter-output>
        </test-method> <!-- afterMethod -->
        <test-method status="PASS" signature="afterClass()[pri:0, instance:com.tudor.swag.tests.suites.CubeSuite@39c0f4a]" name="afterClass" is-config="true" duration-ms="986" started-at="2021-06-04T18:04:57Z" finished-at="2021-06-04T18:04:58Z">
          <reporter-output>
          </reporter-output>
        </test-method> <!-- afterClass -->
        <test-method status="PASS" signature="afterTest(org.testng.ITestContext)[pri:0, instance:com.tudor.swag.tests.suites.CubeSuite@39c0f4a]" name="afterTest" is-config="true" duration-ms="1" started-at="2021-06-04T18:04:58Z" finished-at="2021-06-04T18:04:58Z">
          <params>
            <param index="0">
              <value>
                <![CDATA[org.testng.TestRunner@79cbcf79]]>
              </value>
            </param>
          </params>
          <reporter-output>
          </reporter-output>
        </test-method> <!-- afterTest -->
        <test-method status="PASS" signature="afterSuite()[pri:0, instance:com.tudor.swag.tests.suites.CubeSuite@39c0f4a]" name="afterSuite" is-config="true" duration-ms="2657" started-at="2021-06-04T18:04:58Z" finished-at="2021-06-04T18:05:01Z">
          <reporter-output>
          </reporter-output>
        </test-method> <!-- afterSuite -->
      </class> <!-- com.tudor.swag.tests.suites.CubeSuite -->
    </test> <!-- ChromeTest1 -->
  </suite> <!-- Suite -->
</testng-results>
