<?xml version="1.0" encoding="UTF-8"?>
<!-- Generated by org.testng.reporters.JUnitXMLReporter -->
<testsuite hostname="VWSWX017-US" name="ChromeTest4" tests="12" failures="3" timestamp="18 May 2021 14:55:36 GMT" time="1163.407" errors="0">
  <testcase name="verifyData" time="968.741" classname="com.tudor.swag.tests.suites.PnLSuite">
    <failure type="java.lang.AssertionError" message="The following asserts failed:

[Row: 130] [Column: 4] [Expected: -67,326.06472337905] [Actual: -67,326.06472337904], 
[Row: 221] [Column: 4] [Expected: -30,051.113208964154] [Actual: -30,051.11320896415], 
[Row: 44601] [Column: 4] [Expected: 217,927.06098074274] [Actual: 217,927.0609807427], 
[Row: 44832] [Column: 4] [Expected: 62,703.50065749427] [Actual: 62,703.500657494274], 
[Row: 44883] [Column: 4] [Expected: -109,523.62085968624] [Actual: -109,523.62085968626], 
[Row: 44890] [Column: 4] [Expected: 51,128.853548831896] [Actual: 51,128.85354883191], 
[Row: 45052] [Column: 4] [Expected: 174,509.13221011168] [Actual: 174,509.13221011165], 
[Row: 45079] [Column: 4] [Expected: -247,076.27943817576] [Actual: -247,076.27943817578], 
[Row: 45744] [Column: 4] [Expected: -386.6062571432182] [Actual: -386.60625714321816], 
[Row: 45833] [Column: 4] [Expected: 1,172.5529863013699] [Actual: 1,172.55298630137], 
[Row: 46022] [Column: 4] [Expected: -4.842603926910603] [Actual: -4.842603926910602]">
      <![CDATA[java.lang.AssertionError: The following asserts failed:

[Row: 130] [Column: 4] [Expected: -67,326.06472337905] [Actual: -67,326.06472337904], 
[Row: 221] [Column: 4] [Expected: -30,051.113208964154] [Actual: -30,051.11320896415], 
[Row: 44601] [Column: 4] [Expected: 217,927.06098074274] [Actual: 217,927.0609807427], 
[Row: 44832] [Column: 4] [Expected: 62,703.50065749427] [Actual: 62,703.500657494274], 
[Row: 44883] [Column: 4] [Expected: -109,523.62085968624] [Actual: -109,523.62085968626], 
[Row: 44890] [Column: 4] [Expected: 51,128.853548831896] [Actual: 51,128.85354883191], 
[Row: 45052] [Column: 4] [Expected: 174,509.13221011168] [Actual: 174,509.13221011165], 
[Row: 45079] [Column: 4] [Expected: -247,076.27943817576] [Actual: -247,076.27943817578], 
[Row: 45744] [Column: 4] [Expected: -386.6062571432182] [Actual: -386.60625714321816], 
[Row: 45833] [Column: 4] [Expected: 1,172.5529863013699] [Actual: 1,172.55298630137], 
[Row: 46022] [Column: 4] [Expected: -4.842603926910603] [Actual: -4.842603926910602]
	at com.tudor.swag.tests.utils.SoftAssertSwag.assertAll(SoftAssertSwag.java:490)
	at com.tudor.swag.tests.suites.common.SwagletSuite.verifyAlphaData(SwagletSuite.java:432)
	at com.tudor.swag.tests.suites.PnLSuite.verifyData(PnLSuite.java:22)
	at java.util.concurrent.FutureTask.run(FutureTask.java:266)
	at java.util.concurrent.ThreadPoolExecutor.runWorker(ThreadPoolExecutor.java:1149)
	at java.util.concurrent.ThreadPoolExecutor$Worker.run(ThreadPoolExecutor.java:624)
	at java.lang.Thread.run(Thread.java:748)
... Removed 17 stack frames]]>
    </failure>
  </testcase> <!-- verifyData -->
  <testcase name="verifyData" time="10.377" classname="com.tudor.swag.tests.suites.PnLSuite">
    <failure type="java.lang.AssertionError" message="Actual row count is not equal as expected expected [80] but found [78]">
      <![CDATA[java.lang.AssertionError: Actual row count is not equal as expected expected [80] but found [78]
	at com.tudor.swag.tests.utils.SoftAssertSwag.assertTableData(SoftAssertSwag.java:223)
	at com.tudor.swag.tests.suites.common.SwagletSuite.verifyAlphaData(SwagletSuite.java:431)
	at com.tudor.swag.tests.suites.PnLSuite.verifyData(PnLSuite.java:22)
	at java.util.concurrent.FutureTask.run(FutureTask.java:266)
	at java.util.concurrent.ThreadPoolExecutor.runWorker(ThreadPoolExecutor.java:1149)
	at java.util.concurrent.ThreadPoolExecutor$Worker.run(ThreadPoolExecutor.java:624)
	at java.lang.Thread.run(Thread.java:748)
... Removed 20 stack frames]]>
    </failure>
  </testcase> <!-- verifyData -->
  <testcase name="verifyData" time="27.115" classname="com.tudor.swag.tests.suites.PnLSuite"/>
  <testcase name="verifyData" time="37.069" classname="com.tudor.swag.tests.suites.PnLSuite"/>
  <testcase name="verifyData" time="21.886" classname="com.tudor.swag.tests.suites.PnLSuite"/>
  <testcase name="verifyData" time="7.501" classname="com.tudor.swag.tests.suites.PnLSuite">
    <failure type="java.lang.AssertionError" message="Actual row count is not equal as expected expected [54] but found [52]">
      <![CDATA[java.lang.AssertionError: Actual row count is not equal as expected expected [54] but found [52]
	at com.tudor.swag.tests.utils.SoftAssertSwag.assertTableData(SoftAssertSwag.java:223)
	at com.tudor.swag.tests.suites.common.SwagletSuite.verifyAlphaData(SwagletSuite.java:431)
	at com.tudor.swag.tests.suites.PnLSuite.verifyData(PnLSuite.java:22)
	at java.util.concurrent.FutureTask.run(FutureTask.java:266)
	at java.util.concurrent.ThreadPoolExecutor.runWorker(ThreadPoolExecutor.java:1149)
	at java.util.concurrent.ThreadPoolExecutor$Worker.run(ThreadPoolExecutor.java:624)
	at java.lang.Thread.run(Thread.java:748)
... Removed 20 stack frames]]>
    </failure>
  </testcase> <!-- verifyData -->
  <testcase name="verifyData" time="13.629" classname="com.tudor.swag.tests.suites.PnLSuite"/>
  <testcase name="verifyData" time="11.762" classname="com.tudor.swag.tests.suites.PnLSuite"/>
  <testcase name="verifyData" time="26.585" classname="com.tudor.swag.tests.suites.PricingSuite"/>
  <testcase name="verifyData" time="5.135" classname="com.tudor.swag.tests.suites.PricingSuite"/>
  <testcase name="verifyData" time="7.205" classname="com.tudor.swag.tests.suites.PricingSuite"/>
  <testcase name="verifyData" time="7.075" classname="com.tudor.swag.tests.suites.PricingSuite"/>
</testsuite> <!-- ChromeTest4 -->
