<html>
<head>
<title>TestNG:  ChromeTest5</title>
<link href="../testng.css" rel="stylesheet" type="text/css" />
<link href="../my-testng.css" rel="stylesheet" type="text/css" />

<style type="text/css">
.log { display: none;} 
.stack-trace { display: none;} 
</style>
<script type="text/javascript">
<!--
function flip(e) {
  current = e.style.display;
  if (current == 'block') {
    e.style.display = 'none';
    return 0;
  }
  else {
    e.style.display = 'block';
    return 1;
  }
}

function toggleBox(szDivId, elem, msg1, msg2)
{
  var res = -1;  if (document.getElementById) {
    res = flip(document.getElementById(szDivId));
  }
  else if (document.all) {
    // this is the way old msie versions work
    res = flip(document.all[szDivId]);
  }
  if(elem) {
    if(res == 0) elem.innerHTML = msg1; else elem.innerHTML = msg2;
  }

}

function toggleAllBoxes() {
  if (document.getElementsByTagName) {
    d = document.getElementsByTagName('div');
    for (i = 0; i < d.length; i++) {
      if (d[i].className == 'log') {
        flip(d[i]);
      }
    }
  }
}

// -->
</script>

</head>
<body>
<h2 align='center'>ChromeTest5</h2><table border='1' align="center">
<tr>
<td>Tests passed/Failed/Skipped:</td><td>0/2/0</td>
</tr><tr>
<td>Started on:</td><td>Tue May 18 16:36:12 CEST 2021</td>
</tr>
<tr><td>Total time:</td><td>50 seconds (50608 ms)</td>
</tr><tr>
<td>Included groups:</td><td></td>
</tr><tr>
<td>Excluded groups:</td><td></td>
</tr>
</table><p/>
<small><i>(Hover the method name to see the test class name)</i></small><p/>
<table width='100%' border='1' class='invocation-failed'>
<tr><td colspan='4' align='center'><b>FAILED TESTS</b></td></tr>
<tr><td><b>Test method</b></td>
<td width="30%"><b>Exception</b></td>
<td width="10%"><b>Time (seconds)</b></td>
<td><b>Instance</b></td>
</tr>
<tr>
<td title='com.tudor.swag.tests.suites.RiskSuite.verifyData()'><b>verifyData</b><br>Test class: com.tudor.swag.tests.suites.RiskSuite<br>Parameters: org.testng.TestRunner@4315b61f, com.tudor.swag.tests.utils.TableData@61b9a30e, RISK_HISTORIC_VAR_QUERY_INDEX</td>
<td><div><pre>java.lang.AssertionError: The following asserts failed:

[Row: 2] [Column: 2] [Expected: 0.01026900437363183] [Actual: 0.010269004373631829], 
[Row: 2] [Column: 3] [Expected: 0.0037870190873575365] [Actual: 0.003787019087357536], 
[Row: 2] [Column: 4] [Expected: 0.006414634924677736] [Actual: 0.006414634924677735], 
[Row: 2] [Column: 5] [Expected: 3,779,447,239.3861094] [Actual: 3,779,447,239.38611], 
[Row: 4] [Column: 2] [Expected: 0.009333222251094186] [Actual: 0.009333222251094184], 
[Row: 4] [Column: 3] [Expected: 0.003270651404825855] [Actual: 0.0032706514048258545], 
[Row: 4] [Column: 4] [Expected: 0.005734498832859771] [Actual: 0.00573449883285977], 
[Row: 4] [Column: 5] [Expected: 3,807,471,150.064487] [Actual: 3,807,471,150.0644875], 
[Row: 6] [Column: 2] [Expected: 0.010947731557837743] [Actual: 0.010947731557837742], 
[Row: 6] [Column: 3] [Expected: 0.004336806727900223] [Actual: 0.004336806727900222], 
[Row: 6] [Column: 4] [Expected: 0.0075609430808438564] [Actual: 0.007560943080843856], 
[Row: 6] [Column: 5] [Expected: 3,815,901,429.065261] [Actual: 3,815,901,429.0652614], 
[Row: 10] [Column: 2] [Expected: 0.005218872695413698] [Actual: 0.0052188726954136965], 
[Row: 10] [Column: 3] [Expected: 0.0005840829670234944] [Actual: 0.0005840829670234941], 
[Row: 10] [Column: 4] [Expected: 562,399,554,267,230,750,000,000,000,000,000,000,000,000,000,000,000,000,000,000,000,000,000,000,000,000,000,000,000,000,000,000,000,000,000,000,000,000,000] [Actual: 562,399,554,267,230,600,000,000,000,000,000,000,000,000,000,000,000,000,000,000,000,000,000,000,000,000,000,000,000,000,000,000,000,000,000,000,000,000,000], 
[Row: 10] [Column: 5] [Expected: 3,789,093,068.8489804] [Actual: 3,789,093,068.8489814]
	at com.tudor.swag.tests.utils.SoftAssertSwag.assertAll(SoftAssertSwag.java:490)
	at com.tudor.swag.tests.suites.common.SwagletSuite.verifyAlphaData(SwagletSuite.java:432)
	at com.tudor.swag.tests.suites.RiskSuite.verifyData(RiskSuite.java:26)
	at java.util.concurrent.FutureTask.run(FutureTask.java:266)
	at java.util.concurrent.ThreadPoolExecutor.runWorker(ThreadPoolExecutor.java:1149)
	at java.util.concurrent.ThreadPoolExecutor$Worker.run(ThreadPoolExecutor.java:624)
	at java.lang.Thread.run(Thread.java:748)
... Removed 17 stack frames</pre></div><a href='#' onClick='toggleBox("stack-trace507025428", this, "Click to show all stack frames", "Click to hide stack frames")'>Click to show all stack frames</a>
<div class='stack-trace' id='stack-trace507025428'><pre>java.lang.AssertionError: The following asserts failed:

[Row: 2] [Column: 2] [Expected: 0.01026900437363183] [Actual: 0.010269004373631829], 
[Row: 2] [Column: 3] [Expected: 0.0037870190873575365] [Actual: 0.003787019087357536], 
[Row: 2] [Column: 4] [Expected: 0.006414634924677736] [Actual: 0.006414634924677735], 
[Row: 2] [Column: 5] [Expected: 3,779,447,239.3861094] [Actual: 3,779,447,239.38611], 
[Row: 4] [Column: 2] [Expected: 0.009333222251094186] [Actual: 0.009333222251094184], 
[Row: 4] [Column: 3] [Expected: 0.003270651404825855] [Actual: 0.0032706514048258545], 
[Row: 4] [Column: 4] [Expected: 0.005734498832859771] [Actual: 0.00573449883285977], 
[Row: 4] [Column: 5] [Expected: 3,807,471,150.064487] [Actual: 3,807,471,150.0644875], 
[Row: 6] [Column: 2] [Expected: 0.010947731557837743] [Actual: 0.010947731557837742], 
[Row: 6] [Column: 3] [Expected: 0.004336806727900223] [Actual: 0.004336806727900222], 
[Row: 6] [Column: 4] [Expected: 0.0075609430808438564] [Actual: 0.007560943080843856], 
[Row: 6] [Column: 5] [Expected: 3,815,901,429.065261] [Actual: 3,815,901,429.0652614], 
[Row: 10] [Column: 2] [Expected: 0.005218872695413698] [Actual: 0.0052188726954136965], 
[Row: 10] [Column: 3] [Expected: 0.0005840829670234944] [Actual: 0.0005840829670234941], 
[Row: 10] [Column: 4] [Expected: 562,399,554,267,230,750,000,000,000,000,000,000,000,000,000,000,000,000,000,000,000,000,000,000,000,000,000,000,000,000,000,000,000,000,000,000,000,000,000] [Actual: 562,399,554,267,230,600,000,000,000,000,000,000,000,000,000,000,000,000,000,000,000,000,000,000,000,000,000,000,000,000,000,000,000,000,000,000,000,000,000], 
[Row: 10] [Column: 5] [Expected: 3,789,093,068.8489804] [Actual: 3,789,093,068.8489814]
	at org.testng.asserts.SoftAssert.assertAll(SoftAssert.java:38)
	at com.tudor.swag.tests.utils.SoftAssertSwag.assertAll(SoftAssertSwag.java:490)
	at com.tudor.swag.tests.suites.common.SwagletSuite.verifyAlphaData(SwagletSuite.java:432)
	at com.tudor.swag.tests.suites.RiskSuite.verifyData(RiskSuite.java:26)
	at sun.reflect.NativeMethodAccessorImpl.invoke0(Native Method)
	at sun.reflect.NativeMethodAccessorImpl.invoke(NativeMethodAccessorImpl.java:62)
	at sun.reflect.DelegatingMethodAccessorImpl.invoke(DelegatingMethodAccessorImpl.java:43)
	at java.lang.reflect.Method.invoke(Method.java:498)
	at org.testng.internal.MethodInvocationHelper.invokeMethod(MethodInvocationHelper.java:84)
	at org.testng.internal.Invoker.invokeMethod(Invoker.java:714)
	at org.testng.internal.Invoker.invokeTestMethod(Invoker.java:901)
	at org.testng.internal.Invoker.invokeTestMethods(Invoker.java:1231)
	at org.testng.internal.TestMethodWorker.invokeTestMethods(TestMethodWorker.java:127)
	at org.testng.internal.TestMethodWorker.run(TestMethodWorker.java:111)
	at org.testng.TestRunner.privateRun(TestRunner.java:767)
	at org.testng.TestRunner.run(TestRunner.java:617)
	at org.testng.SuiteRunner.runTest(SuiteRunner.java:334)
	at org.testng.SuiteRunner.access$000(SuiteRunner.java:37)
	at org.testng.SuiteRunner$SuiteWorker.run(SuiteRunner.java:368)
	at org.testng.internal.thread.ThreadUtil$2.call(ThreadUtil.java:64)
	at java.util.concurrent.FutureTask.run(FutureTask.java:266)
	at java.util.concurrent.ThreadPoolExecutor.runWorker(ThreadPoolExecutor.java:1149)
	at java.util.concurrent.ThreadPoolExecutor$Worker.run(ThreadPoolExecutor.java:624)
	at java.lang.Thread.run(Thread.java:748)
</pre></div></td>
<td>16</td>
<td>com.tudor.swag.tests.suites.RiskSuite@1e127982</td></tr>
<tr>
<td title='com.tudor.swag.tests.suites.RiskSuite.verifyData()'><b>verifyData</b><br>Test class: com.tudor.swag.tests.suites.RiskSuite<br>Parameters: org.testng.TestRunner@4315b61f, com.tudor.swag.tests.utils.TableData@220a1851, RISK_HISTORIC_VAR_QUERY_INDEX</td>
<td><div><pre>java.lang.AssertionError: The following asserts failed:

[Row: 2] [Column: 3] [Expected: 0.0012238175330097642] [Actual: 0.001223817533009764], 
[Row: 2] [Column: 4] [Expected: 0.002288136044340229] [Actual: 0.0022881360443402286], 
[Row: 2] [Column: 5] [Expected: 1,926,201,344.8188477] [Actual: 1,926,201,344.818848], 
[Row: 3] [Column: 2] [Expected: 0.0030300423282947652] [Actual: 0.003030042328294765], 
[Row: 3] [Column: 3] [Expected: 0.0008794296545719038] [Actual: 0.0008794296545719037], 
[Row: 3] [Column: 4] [Expected: 0.001436347695667183] [Actual: 0.0014363476956671829], 
[Row: 3] [Column: 5] [Expected: 1,915,735,309.013204] [Actual: 1,915,735,309.0132043], 
[Row: 4] [Column: 2] [Expected: 0.003100279714371062] [Actual: 0.0031002797143710615], 
[Row: 4] [Column: 5] [Expected: 1,915,662,253.2659793] [Actual: 1,915,662,253.2659795], 
[Row: 5] [Column: 2] [Expected: 0.003131004004414135] [Actual: 0.0031310040044141346], 
[Row: 5] [Column: 3] [Expected: 0.00081327922319326] [Actual: 0.0008132792231932599], 
[Row: 5] [Column: 4] [Expected: 0.001424594629262818] [Actual: 0.0014245946292628178], 
[Row: 5] [Column: 5] [Expected: 1,915,099,126.5647345] [Actual: 1,915,099,126.5647347], 
[Row: 6] [Column: 2] [Expected: 0.0028284238641711154] [Actual: 0.002828423864171116], 
[Row: 6] [Column: 3] [Expected: 0.0006849837834942326] [Actual: 0.0006849837834942327], 
[Row: 6] [Column: 4] [Expected: 0.0012946729931005373] [Actual: 0.0012946729931005375], 
[Row: 6] [Column: 5] [Expected: 1,916,323,221.1516147] [Actual: 1,916,323,221.1516144]
	at com.tudor.swag.tests.utils.SoftAssertSwag.assertAll(SoftAssertSwag.java:490)
	at com.tudor.swag.tests.suites.common.SwagletSuite.verifyAlphaData(SwagletSuite.java:432)
	at com.tudor.swag.tests.suites.RiskSuite.verifyData(RiskSuite.java:26)
	at java.util.concurrent.FutureTask.run(FutureTask.java:266)
	at java.util.concurrent.ThreadPoolExecutor.runWorker(ThreadPoolExecutor.java:1149)
	at java.util.concurrent.ThreadPoolExecutor$Worker.run(ThreadPoolExecutor.java:624)
	at java.lang.Thread.run(Thread.java:748)
... Removed 17 stack frames</pre></div><a href='#' onClick='toggleBox("stack-trace46660837", this, "Click to show all stack frames", "Click to hide stack frames")'>Click to show all stack frames</a>
<div class='stack-trace' id='stack-trace46660837'><pre>java.lang.AssertionError: The following asserts failed:

[Row: 2] [Column: 3] [Expected: 0.0012238175330097642] [Actual: 0.001223817533009764], 
[Row: 2] [Column: 4] [Expected: 0.002288136044340229] [Actual: 0.0022881360443402286], 
[Row: 2] [Column: 5] [Expected: 1,926,201,344.8188477] [Actual: 1,926,201,344.818848], 
[Row: 3] [Column: 2] [Expected: 0.0030300423282947652] [Actual: 0.003030042328294765], 
[Row: 3] [Column: 3] [Expected: 0.0008794296545719038] [Actual: 0.0008794296545719037], 
[Row: 3] [Column: 4] [Expected: 0.001436347695667183] [Actual: 0.0014363476956671829], 
[Row: 3] [Column: 5] [Expected: 1,915,735,309.013204] [Actual: 1,915,735,309.0132043], 
[Row: 4] [Column: 2] [Expected: 0.003100279714371062] [Actual: 0.0031002797143710615], 
[Row: 4] [Column: 5] [Expected: 1,915,662,253.2659793] [Actual: 1,915,662,253.2659795], 
[Row: 5] [Column: 2] [Expected: 0.003131004004414135] [Actual: 0.0031310040044141346], 
[Row: 5] [Column: 3] [Expected: 0.00081327922319326] [Actual: 0.0008132792231932599], 
[Row: 5] [Column: 4] [Expected: 0.001424594629262818] [Actual: 0.0014245946292628178], 
[Row: 5] [Column: 5] [Expected: 1,915,099,126.5647345] [Actual: 1,915,099,126.5647347], 
[Row: 6] [Column: 2] [Expected: 0.0028284238641711154] [Actual: 0.002828423864171116], 
[Row: 6] [Column: 3] [Expected: 0.0006849837834942326] [Actual: 0.0006849837834942327], 
[Row: 6] [Column: 4] [Expected: 0.0012946729931005373] [Actual: 0.0012946729931005375], 
[Row: 6] [Column: 5] [Expected: 1,916,323,221.1516147] [Actual: 1,916,323,221.1516144]
	at org.testng.asserts.SoftAssert.assertAll(SoftAssert.java:38)
	at com.tudor.swag.tests.utils.SoftAssertSwag.assertAll(SoftAssertSwag.java:490)
	at com.tudor.swag.tests.suites.common.SwagletSuite.verifyAlphaData(SwagletSuite.java:432)
	at com.tudor.swag.tests.suites.RiskSuite.verifyData(RiskSuite.java:26)
	at sun.reflect.NativeMethodAccessorImpl.invoke0(Native Method)
	at sun.reflect.NativeMethodAccessorImpl.invoke(NativeMethodAccessorImpl.java:62)
	at sun.reflect.DelegatingMethodAccessorImpl.invoke(DelegatingMethodAccessorImpl.java:43)
	at java.lang.reflect.Method.invoke(Method.java:498)
	at org.testng.internal.MethodInvocationHelper.invokeMethod(MethodInvocationHelper.java:84)
	at org.testng.internal.Invoker.invokeMethod(Invoker.java:714)
	at org.testng.internal.Invoker.invokeTestMethod(Invoker.java:901)
	at org.testng.internal.Invoker.invokeTestMethods(Invoker.java:1231)
	at org.testng.internal.TestMethodWorker.invokeTestMethods(TestMethodWorker.java:127)
	at org.testng.internal.TestMethodWorker.run(TestMethodWorker.java:111)
	at org.testng.TestRunner.privateRun(TestRunner.java:767)
	at org.testng.TestRunner.run(TestRunner.java:617)
	at org.testng.SuiteRunner.runTest(SuiteRunner.java:334)
	at org.testng.SuiteRunner.access$000(SuiteRunner.java:37)
	at org.testng.SuiteRunner$SuiteWorker.run(SuiteRunner.java:368)
	at org.testng.internal.thread.ThreadUtil$2.call(ThreadUtil.java:64)
	at java.util.concurrent.FutureTask.run(FutureTask.java:266)
	at java.util.concurrent.ThreadPoolExecutor.runWorker(ThreadPoolExecutor.java:1149)
	at java.util.concurrent.ThreadPoolExecutor$Worker.run(ThreadPoolExecutor.java:624)
	at java.lang.Thread.run(Thread.java:748)
</pre></div></td>
<td>10</td>
<td>com.tudor.swag.tests.suites.RiskSuite@1e127982</td></tr>
</table><p>
</body>
</html>