<html>
<head>
<title>TestNG:  ChromeTest4</title>
<link href="../testng.css" rel="stylesheet" type="text/css" />
<link href="../my-testng.css" rel="stylesheet" type="text/css" />

<style type="text/css">
.log { display: none;} 
.stack-trace { display: none;} 
</style>
<script type="text/javascript">
<!--
function flip(e) {
  current = e.style.display;
  if (current == 'block') {
    e.style.display = 'none';
    return 0;
  }
  else {
    e.style.display = 'block';
    return 1;
  }
}

function toggleBox(szDivId, elem, msg1, msg2)
{
  var res = -1;  if (document.getElementById) {
    res = flip(document.getElementById(szDivId));
  }
  else if (document.all) {
    // this is the way old msie versions work
    res = flip(document.all[szDivId]);
  }
  if(elem) {
    if(res == 0) elem.innerHTML = msg1; else elem.innerHTML = msg2;
  }

}

function toggleAllBoxes() {
  if (document.getElementsByTagName) {
    d = document.getElementsByTagName('div');
    for (i = 0; i < d.length; i++) {
      if (d[i].className == 'log') {
        flip(d[i]);
      }
    }
  }
}

// -->
</script>

</head>
<body>
<h2 align='center'>ChromeTest4</h2><table border='1' align="center">
<tr>
<td>Tests passed/Failed/Skipped:</td><td>9/3/0</td>
</tr><tr>
<td>Started on:</td><td>Tue May 18 16:36:12 CEST 2021</td>
</tr>
<tr><td>Total time:</td><td>1163 seconds (1163407 ms)</td>
</tr><tr>
<td>Included groups:</td><td></td>
</tr><tr>
<td>Excluded groups:</td><td></td>
</tr>
</table><p/>
<small><i>(Hover the method name to see the test class name)</i></small><p/>
<table width='100%' border='1' class='invocation-failed'>
<tr><td colspan='4' align='center'><b>FAILED TESTS</b></td></tr>
<tr><td><b>Test method</b></td>
<td width="30%"><b>Exception</b></td>
<td width="10%"><b>Time (seconds)</b></td>
<td><b>Instance</b></td>
</tr>
<tr>
<td title='com.tudor.swag.tests.suites.PnLSuite.verifyData()'><b>verifyData</b><br>Test class: com.tudor.swag.tests.suites.PnLSuite<br>Parameters: org.testng.TestRunner@4ec2c03d, com.tudor.swag.tests.utils.TableData@512b5394, PNL_PnL_ACTIVE_NAME_QUERY_ADVANCED_INDEX</td>
<td><div><pre>java.lang.AssertionError: The following asserts failed:

[Row: 130] [Column: 4] [Expected: -67,326.06472337905] [Actual: -67,326.06472337904], 
[Row: 221] [Column: 4] [Expected: -30,051.113208964154] [Actual: -30,051.11320896415], 
[Row: 44601] [Column: 4] [Expected: 217,927.06098074274] [Actual: 217,927.0609807427], 
[Row: 44832] [Column: 4] [Expected: 62,703.50065749427] [Actual: 62,703.500657494274], 
[Row: 44883] [Column: 4] [Expected: -109,523.62085968624] [Actual: -109,523.62085968626], 
[Row: 44890] [Column: 4] [Expected: 51,128.853548831896] [Actual: 51,128.85354883191], 
[Row: 45052] [Column: 4] [Expected: 174,509.13221011168] [Actual: 174,509.13221011165], 
[Row: 45079] [Column: 4] [Expected: -247,076.27943817576] [Actual: -247,076.27943817578], 
[Row: 45744] [Column: 4] [Expected: -386.6062571432182] [Actual: -386.60625714321816], 
[Row: 45833] [Column: 4] [Expected: 1,172.5529863013699] [Actual: 1,172.55298630137], 
[Row: 46022] [Column: 4] [Expected: -4.842603926910603] [Actual: -4.842603926910602]
	at com.tudor.swag.tests.utils.SoftAssertSwag.assertAll(SoftAssertSwag.java:490)
	at com.tudor.swag.tests.suites.common.SwagletSuite.verifyAlphaData(SwagletSuite.java:432)
	at com.tudor.swag.tests.suites.PnLSuite.verifyData(PnLSuite.java:22)
	at java.util.concurrent.FutureTask.run(FutureTask.java:266)
	at java.util.concurrent.ThreadPoolExecutor.runWorker(ThreadPoolExecutor.java:1149)
	at java.util.concurrent.ThreadPoolExecutor$Worker.run(ThreadPoolExecutor.java:624)
	at java.lang.Thread.run(Thread.java:748)
... Removed 17 stack frames</pre></div><a href='#' onClick='toggleBox("stack-trace633746797", this, "Click to show all stack frames", "Click to hide stack frames")'>Click to show all stack frames</a>
<div class='stack-trace' id='stack-trace633746797'><pre>java.lang.AssertionError: The following asserts failed:

[Row: 130] [Column: 4] [Expected: -67,326.06472337905] [Actual: -67,326.06472337904], 
[Row: 221] [Column: 4] [Expected: -30,051.113208964154] [Actual: -30,051.11320896415], 
[Row: 44601] [Column: 4] [Expected: 217,927.06098074274] [Actual: 217,927.0609807427], 
[Row: 44832] [Column: 4] [Expected: 62,703.50065749427] [Actual: 62,703.500657494274], 
[Row: 44883] [Column: 4] [Expected: -109,523.62085968624] [Actual: -109,523.62085968626], 
[Row: 44890] [Column: 4] [Expected: 51,128.853548831896] [Actual: 51,128.85354883191], 
[Row: 45052] [Column: 4] [Expected: 174,509.13221011168] [Actual: 174,509.13221011165], 
[Row: 45079] [Column: 4] [Expected: -247,076.27943817576] [Actual: -247,076.27943817578], 
[Row: 45744] [Column: 4] [Expected: -386.6062571432182] [Actual: -386.60625714321816], 
[Row: 45833] [Column: 4] [Expected: 1,172.5529863013699] [Actual: 1,172.55298630137], 
[Row: 46022] [Column: 4] [Expected: -4.842603926910603] [Actual: -4.842603926910602]
	at org.testng.asserts.SoftAssert.assertAll(SoftAssert.java:38)
	at com.tudor.swag.tests.utils.SoftAssertSwag.assertAll(SoftAssertSwag.java:490)
	at com.tudor.swag.tests.suites.common.SwagletSuite.verifyAlphaData(SwagletSuite.java:432)
	at com.tudor.swag.tests.suites.PnLSuite.verifyData(PnLSuite.java:22)
	at sun.reflect.NativeMethodAccessorImpl.invoke0(Native Method)
	at sun.reflect.NativeMethodAccessorImpl.invoke(NativeMethodAccessorImpl.java:62)
	at sun.reflect.DelegatingMethodAccessorImpl.invoke(DelegatingMethodAccessorImpl.java:43)
	at java.lang.reflect.Method.invoke(Method.java:498)
	at org.testng.internal.MethodInvocationHelper.invokeMethod(MethodInvocationHelper.java:84)
	at org.testng.internal.Invoker.invokeMethod(Invoker.java:714)
	at org.testng.internal.Invoker.invokeTestMethod(Invoker.java:901)
	at org.testng.internal.Invoker.invokeTestMethods(Invoker.java:1231)
	at org.testng.internal.TestMethodWorker.invokeTestMethods(TestMethodWorker.java:127)
	at org.testng.internal.TestMethodWorker.run(TestMethodWorker.java:111)
	at org.testng.TestRunner.privateRun(TestRunner.java:767)
	at org.testng.TestRunner.run(TestRunner.java:617)
	at org.testng.SuiteRunner.runTest(SuiteRunner.java:334)
	at org.testng.SuiteRunner.access$000(SuiteRunner.java:37)
	at org.testng.SuiteRunner$SuiteWorker.run(SuiteRunner.java:368)
	at org.testng.internal.thread.ThreadUtil$2.call(ThreadUtil.java:64)
	at java.util.concurrent.FutureTask.run(FutureTask.java:266)
	at java.util.concurrent.ThreadPoolExecutor.runWorker(ThreadPoolExecutor.java:1149)
	at java.util.concurrent.ThreadPoolExecutor$Worker.run(ThreadPoolExecutor.java:624)
	at java.lang.Thread.run(Thread.java:748)
</pre></div></td>
<td>968</td>
<td>com.tudor.swag.tests.suites.PnLSuite@64bfbc86</td></tr>
<tr>
<td title='com.tudor.swag.tests.suites.PnLSuite.verifyData()'><b>verifyData</b><br>Test class: com.tudor.swag.tests.suites.PnLSuite<br>Parameters: org.testng.TestRunner@4ec2c03d, com.tudor.swag.tests.utils.TableData@3fd46046, PNL_PnL_ACTIVE_NAME_QUERY_INDEX</td>
<td><div><pre>java.lang.AssertionError: Actual row count is not equal as expected expected [80] but found [78]
	at com.tudor.swag.tests.utils.SoftAssertSwag.assertTableData(SoftAssertSwag.java:223)
	at com.tudor.swag.tests.suites.common.SwagletSuite.verifyAlphaData(SwagletSuite.java:431)
	at com.tudor.swag.tests.suites.PnLSuite.verifyData(PnLSuite.java:22)
	at java.util.concurrent.FutureTask.run(FutureTask.java:266)
	at java.util.concurrent.ThreadPoolExecutor.runWorker(ThreadPoolExecutor.java:1149)
	at java.util.concurrent.ThreadPoolExecutor$Worker.run(ThreadPoolExecutor.java:624)
	at java.lang.Thread.run(Thread.java:748)
... Removed 20 stack frames</pre></div><a href='#' onClick='toggleBox("stack-trace621754150", this, "Click to show all stack frames", "Click to hide stack frames")'>Click to show all stack frames</a>
<div class='stack-trace' id='stack-trace621754150'><pre>java.lang.AssertionError: Actual row count is not equal as expected expected [80] but found [78]
	at org.testng.Assert.fail(Assert.java:94)
	at org.testng.Assert.failNotEquals(Assert.java:494)
	at org.testng.Assert.assertEquals(Assert.java:123)
	at org.testng.Assert.assertEquals(Assert.java:370)
	at com.tudor.swag.tests.utils.SoftAssertSwag.assertTableData(SoftAssertSwag.java:223)
	at com.tudor.swag.tests.suites.common.SwagletSuite.verifyAlphaData(SwagletSuite.java:431)
	at com.tudor.swag.tests.suites.PnLSuite.verifyData(PnLSuite.java:22)
	at sun.reflect.NativeMethodAccessorImpl.invoke0(Native Method)
	at sun.reflect.NativeMethodAccessorImpl.invoke(NativeMethodAccessorImpl.java:62)
	at sun.reflect.DelegatingMethodAccessorImpl.invoke(DelegatingMethodAccessorImpl.java:43)
	at java.lang.reflect.Method.invoke(Method.java:498)
	at org.testng.internal.MethodInvocationHelper.invokeMethod(MethodInvocationHelper.java:84)
	at org.testng.internal.Invoker.invokeMethod(Invoker.java:714)
	at org.testng.internal.Invoker.invokeTestMethod(Invoker.java:901)
	at org.testng.internal.Invoker.invokeTestMethods(Invoker.java:1231)
	at org.testng.internal.TestMethodWorker.invokeTestMethods(TestMethodWorker.java:127)
	at org.testng.internal.TestMethodWorker.run(TestMethodWorker.java:111)
	at org.testng.TestRunner.privateRun(TestRunner.java:767)
	at org.testng.TestRunner.run(TestRunner.java:617)
	at org.testng.SuiteRunner.runTest(SuiteRunner.java:334)
	at org.testng.SuiteRunner.access$000(SuiteRunner.java:37)
	at org.testng.SuiteRunner$SuiteWorker.run(SuiteRunner.java:368)
	at org.testng.internal.thread.ThreadUtil$2.call(ThreadUtil.java:64)
	at java.util.concurrent.FutureTask.run(FutureTask.java:266)
	at java.util.concurrent.ThreadPoolExecutor.runWorker(ThreadPoolExecutor.java:1149)
	at java.util.concurrent.ThreadPoolExecutor$Worker.run(ThreadPoolExecutor.java:624)
	at java.lang.Thread.run(Thread.java:748)
</pre></div></td>
<td>10</td>
<td>com.tudor.swag.tests.suites.PnLSuite@64bfbc86</td></tr>
<tr>
<td title='com.tudor.swag.tests.suites.PnLSuite.verifyData()'><b>verifyData</b><br>Test class: com.tudor.swag.tests.suites.PnLSuite<br>Parameters: org.testng.TestRunner@4ec2c03d, com.tudor.swag.tests.utils.TableData@3c13e910, PNL_PnL_REPORT_INDEX</td>
<td><div><pre>java.lang.AssertionError: Actual row count is not equal as expected expected [54] but found [52]
	at com.tudor.swag.tests.utils.SoftAssertSwag.assertTableData(SoftAssertSwag.java:223)
	at com.tudor.swag.tests.suites.common.SwagletSuite.verifyAlphaData(SwagletSuite.java:431)
	at com.tudor.swag.tests.suites.PnLSuite.verifyData(PnLSuite.java:22)
	at java.util.concurrent.FutureTask.run(FutureTask.java:266)
	at java.util.concurrent.ThreadPoolExecutor.runWorker(ThreadPoolExecutor.java:1149)
	at java.util.concurrent.ThreadPoolExecutor$Worker.run(ThreadPoolExecutor.java:624)
	at java.lang.Thread.run(Thread.java:748)
... Removed 20 stack frames</pre></div><a href='#' onClick='toggleBox("stack-trace918027454", this, "Click to show all stack frames", "Click to hide stack frames")'>Click to show all stack frames</a>
<div class='stack-trace' id='stack-trace918027454'><pre>java.lang.AssertionError: Actual row count is not equal as expected expected [54] but found [52]
	at org.testng.Assert.fail(Assert.java:94)
	at org.testng.Assert.failNotEquals(Assert.java:494)
	at org.testng.Assert.assertEquals(Assert.java:123)
	at org.testng.Assert.assertEquals(Assert.java:370)
	at com.tudor.swag.tests.utils.SoftAssertSwag.assertTableData(SoftAssertSwag.java:223)
	at com.tudor.swag.tests.suites.common.SwagletSuite.verifyAlphaData(SwagletSuite.java:431)
	at com.tudor.swag.tests.suites.PnLSuite.verifyData(PnLSuite.java:22)
	at sun.reflect.NativeMethodAccessorImpl.invoke0(Native Method)
	at sun.reflect.NativeMethodAccessorImpl.invoke(NativeMethodAccessorImpl.java:62)
	at sun.reflect.DelegatingMethodAccessorImpl.invoke(DelegatingMethodAccessorImpl.java:43)
	at java.lang.reflect.Method.invoke(Method.java:498)
	at org.testng.internal.MethodInvocationHelper.invokeMethod(MethodInvocationHelper.java:84)
	at org.testng.internal.Invoker.invokeMethod(Invoker.java:714)
	at org.testng.internal.Invoker.invokeTestMethod(Invoker.java:901)
	at org.testng.internal.Invoker.invokeTestMethods(Invoker.java:1231)
	at org.testng.internal.TestMethodWorker.invokeTestMethods(TestMethodWorker.java:127)
	at org.testng.internal.TestMethodWorker.run(TestMethodWorker.java:111)
	at org.testng.TestRunner.privateRun(TestRunner.java:767)
	at org.testng.TestRunner.run(TestRunner.java:617)
	at org.testng.SuiteRunner.runTest(SuiteRunner.java:334)
	at org.testng.SuiteRunner.access$000(SuiteRunner.java:37)
	at org.testng.SuiteRunner$SuiteWorker.run(SuiteRunner.java:368)
	at org.testng.internal.thread.ThreadUtil$2.call(ThreadUtil.java:64)
	at java.util.concurrent.FutureTask.run(FutureTask.java:266)
	at java.util.concurrent.ThreadPoolExecutor.runWorker(ThreadPoolExecutor.java:1149)
	at java.util.concurrent.ThreadPoolExecutor$Worker.run(ThreadPoolExecutor.java:624)
	at java.lang.Thread.run(Thread.java:748)
</pre></div></td>
<td>7</td>
<td>com.tudor.swag.tests.suites.PnLSuite@64bfbc86</td></tr>
</table><p>
<table width='100%' border='1' class='invocation-passed'>
<tr><td colspan='4' align='center'><b>PASSED TESTS</b></td></tr>
<tr><td><b>Test method</b></td>
<td width="30%"><b>Exception</b></td>
<td width="10%"><b>Time (seconds)</b></td>
<td><b>Instance</b></td>
</tr>
<tr>
<td title='com.tudor.swag.tests.suites.PnLSuite.verifyData()'><b>verifyData</b><br>Test class: com.tudor.swag.tests.suites.PnLSuite<br>Parameters: org.testng.TestRunner@4ec2c03d, com.tudor.swag.tests.utils.TableData@476d1d02, PNL_PnL_ACTIVE_NAME_QUERY_INDEX</td>
<td></td>
<td>27</td>
<td>com.tudor.swag.tests.suites.PnLSuite@64bfbc86</td></tr>
<tr>
<td title='com.tudor.swag.tests.suites.PnLSuite.verifyData()'><b>verifyData</b><br>Test class: com.tudor.swag.tests.suites.PnLSuite<br>Parameters: org.testng.TestRunner@4ec2c03d, com.tudor.swag.tests.utils.TableData@356a510, PNL_PnL_QUERY_ADVANCED_INDEX</td>
<td></td>
<td>37</td>
<td>com.tudor.swag.tests.suites.PnLSuite@64bfbc86</td></tr>
<tr>
<td title='com.tudor.swag.tests.suites.PnLSuite.verifyData()'><b>verifyData</b><br>Test class: com.tudor.swag.tests.suites.PnLSuite<br>Parameters: org.testng.TestRunner@4ec2c03d, com.tudor.swag.tests.utils.TableData@47973bc4, PNL_PnL_QUERY_INDEX</td>
<td></td>
<td>21</td>
<td>com.tudor.swag.tests.suites.PnLSuite@64bfbc86</td></tr>
<tr>
<td title='com.tudor.swag.tests.suites.PnLSuite.verifyData()'><b>verifyData</b><br>Test class: com.tudor.swag.tests.suites.PnLSuite<br>Parameters: org.testng.TestRunner@4ec2c03d, com.tudor.swag.tests.utils.TableData@46e09735, PNL_PnL_REPORT_INDEX</td>
<td></td>
<td>13</td>
<td>com.tudor.swag.tests.suites.PnLSuite@64bfbc86</td></tr>
<tr>
<td title='com.tudor.swag.tests.suites.PnLSuite.verifyData()'><b>verifyData</b><br>Test class: com.tudor.swag.tests.suites.PnLSuite<br>Parameters: org.testng.TestRunner@4ec2c03d, com.tudor.swag.tests.utils.TableData@6ac858, PNL_POSITION_REPORT_INDEX</td>
<td></td>
<td>11</td>
<td>com.tudor.swag.tests.suites.PnLSuite@64bfbc86</td></tr>
<tr>
<td title='com.tudor.swag.tests.suites.PricingSuite.verifyData()'><b>verifyData</b><br>Test class: com.tudor.swag.tests.suites.PricingSuite<br>Parameters: org.testng.TestRunner@4ec2c03d, com.tudor.swag.tests.utils.TableData@1e97a447, PRICING_CURVE_INDEX</td>
<td></td>
<td>26</td>
<td>com.tudor.swag.tests.suites.PricingSuite@20322d26</td></tr>
<tr>
<td title='com.tudor.swag.tests.suites.PricingSuite.verifyData()'><b>verifyData</b><br>Test class: com.tudor.swag.tests.suites.PricingSuite<br>Parameters: org.testng.TestRunner@4ec2c03d, com.tudor.swag.tests.utils.TableData@5e451f66, PRICING_FRA_QUERY_INDEX</td>
<td></td>
<td>5</td>
<td>com.tudor.swag.tests.suites.PricingSuite@20322d26</td></tr>
<tr>
<td title='com.tudor.swag.tests.suites.PricingSuite.verifyData()'><b>verifyData</b><br>Test class: com.tudor.swag.tests.suites.PricingSuite<br>Parameters: org.testng.TestRunner@4ec2c03d, com.tudor.swag.tests.utils.TableData@6e2f078f, PRICING_FX_CROSESS_INDEX</td>
<td></td>
<td>7</td>
<td>com.tudor.swag.tests.suites.PricingSuite@20322d26</td></tr>
<tr>
<td title='com.tudor.swag.tests.suites.PricingSuite.verifyData()'><b>verifyData</b><br>Test class: com.tudor.swag.tests.suites.PricingSuite<br>Parameters: org.testng.TestRunner@4ec2c03d, com.tudor.swag.tests.utils.TableData@53831d07, PRICING_IR_FUTURE_QUERY_INDEX</td>
<td></td>
<td>7</td>
<td>com.tudor.swag.tests.suites.PricingSuite@20322d26</td></tr>
</table><p>
</body>
</html>