<?xml version="1.0" encoding="UTF-8"?>
<!-- Generated by org.testng.reporters.JUnitXMLReporter -->
<testsuite hostname="VWSWX017-US" name="ChromeTest1" tests="9" failures="6" timestamp="4 Jun 2021 16:04:58 GMT" time="388.219" errors="0">
  <testcase name="verifyData" time="100.56" classname="com.tudor.swag.tests.suites.CubeSuite">
    <failure type="java.lang.AssertionError" message="Prod return Exception, Alpha return data expected [true] but found [false]">
      <![CDATA[java.lang.AssertionError: Prod return Exception, Alpha return data expected [true] but found [false]
	at com.tudor.swag.tests.suites.common.SwagletSuite.verifyAlphaData(SwagletSuite.java:423)
	at com.tudor.swag.tests.suites.CubeSuite.verifyData(CubeSuite.java:23)
	at java.util.concurrent.FutureTask.run(FutureTask.java:266)
	at java.util.concurrent.ThreadPoolExecutor.runWorker(ThreadPoolExecutor.java:1149)
	at java.util.concurrent.ThreadPoolExecutor$Worker.run(ThreadPoolExecutor.java:624)
	at java.lang.Thread.run(Thread.java:748)
... Removed 20 stack frames]]>
    </failure>
  </testcase> <!-- verifyData -->
  <testcase name="verifyData" time="18.854" classname="com.tudor.swag.tests.suites.CubeSuite"/>
  <testcase name="verifyData" time="10.85" classname="com.tudor.swag.tests.suites.CubeSuite">
    <failure type="java.lang.AssertionError" message="The following asserts failed:

[Row: 3] [Column: 3] [Expected: -10,450,435,953.219822] [Actual: -10,450,435,953.219824], 
[Row: 6] [Column: 3] [Expected: -9,918,452,801.226772] [Actual: -9,918,452,801.22677]">
      <![CDATA[java.lang.AssertionError: The following asserts failed:

[Row: 3] [Column: 3] [Expected: -10,450,435,953.219822] [Actual: -10,450,435,953.219824], 
[Row: 6] [Column: 3] [Expected: -9,918,452,801.226772] [Actual: -9,918,452,801.22677]
	at com.tudor.swag.tests.utils.SoftAssertSwag.assertAll(SoftAssertSwag.java:573)
	at com.tudor.swag.tests.suites.common.SwagletSuite.verifyAlphaData(SwagletSuite.java:432)
	at com.tudor.swag.tests.suites.CubeSuite.verifyData(CubeSuite.java:23)
	at java.util.concurrent.FutureTask.run(FutureTask.java:266)
	at java.util.concurrent.ThreadPoolExecutor.runWorker(ThreadPoolExecutor.java:1149)
	at java.util.concurrent.ThreadPoolExecutor$Worker.run(ThreadPoolExecutor.java:624)
	at java.lang.Thread.run(Thread.java:748)
... Removed 17 stack frames]]>
    </failure>
  </testcase> <!-- verifyData -->
  <testcase name="verifyData" time="95.358" classname="com.tudor.swag.tests.suites.CubeSuite">
    <failure type="java.lang.AssertionError" message="Prod return Exception, Alpha return data expected [true] but found [false]">
      <![CDATA[java.lang.AssertionError: Prod return Exception, Alpha return data expected [true] but found [false]
	at com.tudor.swag.tests.suites.common.SwagletSuite.verifyAlphaData(SwagletSuite.java:423)
	at com.tudor.swag.tests.suites.CubeSuite.verifyData(CubeSuite.java:23)
	at java.util.concurrent.FutureTask.run(FutureTask.java:266)
	at java.util.concurrent.ThreadPoolExecutor.runWorker(ThreadPoolExecutor.java:1149)
	at java.util.concurrent.ThreadPoolExecutor$Worker.run(ThreadPoolExecutor.java:624)
	at java.lang.Thread.run(Thread.java:748)
... Removed 20 stack frames]]>
    </failure>
  </testcase> <!-- verifyData -->
  <testcase name="verifyData" time="20.141" classname="com.tudor.swag.tests.suites.CubeSuite"/>
  <testcase name="verifyData" time="9.208" classname="com.tudor.swag.tests.suites.CubeSuite">
    <failure type="java.lang.AssertionError" message="The following asserts failed:

[Row: 2] [Column: 3] [Expected: -10,775,363,594.721382] [Actual: -10,775,363,594.721384], 
[Row: 4] [Column: 3] [Expected: -10,335,961,660.392012] [Actual: -10,335,961,660.39201]">
      <![CDATA[java.lang.AssertionError: The following asserts failed:

[Row: 2] [Column: 3] [Expected: -10,775,363,594.721382] [Actual: -10,775,363,594.721384], 
[Row: 4] [Column: 3] [Expected: -10,335,961,660.392012] [Actual: -10,335,961,660.39201]
	at com.tudor.swag.tests.utils.SoftAssertSwag.assertAll(SoftAssertSwag.java:573)
	at com.tudor.swag.tests.suites.common.SwagletSuite.verifyAlphaData(SwagletSuite.java:432)
	at com.tudor.swag.tests.suites.CubeSuite.verifyData(CubeSuite.java:23)
	at java.util.concurrent.FutureTask.run(FutureTask.java:266)
	at java.util.concurrent.ThreadPoolExecutor.runWorker(ThreadPoolExecutor.java:1149)
	at java.util.concurrent.ThreadPoolExecutor$Worker.run(ThreadPoolExecutor.java:624)
	at java.lang.Thread.run(Thread.java:748)
... Removed 17 stack frames]]>
    </failure>
  </testcase> <!-- verifyData -->
  <testcase name="verifyData" time="96.676" classname="com.tudor.swag.tests.suites.CubeSuite">
    <failure type="java.lang.AssertionError" message="Prod return Exception, Alpha return data expected [true] but found [false]">
      <![CDATA[java.lang.AssertionError: Prod return Exception, Alpha return data expected [true] but found [false]
	at com.tudor.swag.tests.suites.common.SwagletSuite.verifyAlphaData(SwagletSuite.java:423)
	at com.tudor.swag.tests.suites.CubeSuite.verifyData(CubeSuite.java:23)
	at java.util.concurrent.FutureTask.run(FutureTask.java:266)
	at java.util.concurrent.ThreadPoolExecutor.runWorker(ThreadPoolExecutor.java:1149)
	at java.util.concurrent.ThreadPoolExecutor$Worker.run(ThreadPoolExecutor.java:624)
	at java.lang.Thread.run(Thread.java:748)
... Removed 20 stack frames]]>
    </failure>
  </testcase> <!-- verifyData -->
  <testcase name="verifyData" time="19.762" classname="com.tudor.swag.tests.suites.CubeSuite"/>
  <testcase name="verifyData" time="8.537" classname="com.tudor.swag.tests.suites.CubeSuite">
    <failure type="java.lang.AssertionError" message="The following asserts failed:

[Row: 2] [Column: 3] [Expected: -19,005,187,292.392773] [Actual: -19,005,187,292.39278], 
[Row: 6] [Column: 3] [Expected: -11,884,679,972.561125] [Actual: -11,884,679,972.561123]">
      <![CDATA[java.lang.AssertionError: The following asserts failed:

[Row: 2] [Column: 3] [Expected: -19,005,187,292.392773] [Actual: -19,005,187,292.39278], 
[Row: 6] [Column: 3] [Expected: -11,884,679,972.561125] [Actual: -11,884,679,972.561123]
	at com.tudor.swag.tests.utils.SoftAssertSwag.assertAll(SoftAssertSwag.java:573)
	at com.tudor.swag.tests.suites.common.SwagletSuite.verifyAlphaData(SwagletSuite.java:432)
	at com.tudor.swag.tests.suites.CubeSuite.verifyData(CubeSuite.java:23)
	at java.util.concurrent.FutureTask.run(FutureTask.java:266)
	at java.util.concurrent.ThreadPoolExecutor.runWorker(ThreadPoolExecutor.java:1149)
	at java.util.concurrent.ThreadPoolExecutor$Worker.run(ThreadPoolExecutor.java:624)
	at java.lang.Thread.run(Thread.java:748)
... Removed 17 stack frames]]>
    </failure>
  </testcase> <!-- verifyData -->
</testsuite> <!-- ChromeTest1 -->
