<?xml version="1.0" encoding="UTF-8"?>
<!-- Generated by org.testng.reporters.JUnitXMLReporter -->
<testsuite hostname="VWSWX017-US" name="ChromeTest3" tests="25" failures="1" timestamp="18 May 2021 14:42:21 GMT" time="368.865" errors="0">
  <testcase name="verifyData" time="47.482" classname="com.tudor.swag.tests.suites.PerformanceSuite"/>
  <testcase name="verifyData" time="16.196" classname="com.tudor.swag.tests.suites.PerformanceSuite"/>
  <testcase name="verifyData" time="13.104" classname="com.tudor.swag.tests.suites.PerformanceSuite"/>
  <testcase name="verifyData" time="12.303" classname="com.tudor.swag.tests.suites.PerformanceSuite"/>
  <testcase name="verifyData" time="14.465" classname="com.tudor.swag.tests.suites.PerformanceSuite"/>
  <testcase name="verifyData" time="9.817" classname="com.tudor.swag.tests.suites.PerformanceSuite"/>
  <testcase name="verifyData" time="11.078" classname="com.tudor.swag.tests.suites.PerformanceSuite"/>
  <testcase name="verifyData" time="8.178" classname="com.tudor.swag.tests.suites.PerformanceSuite"/>
  <testcase name="verifyData" time="8.458" classname="com.tudor.swag.tests.suites.PerformanceSuite"/>
  <testcase name="verifyData" time="53.857" classname="com.tudor.swag.tests.suites.PerformanceSuite"/>
  <testcase name="verifyData" time="41.983" classname="com.tudor.swag.tests.suites.PerformanceSuite">
    <failure type="java.lang.AssertionError" message="The following asserts failed:

[Row: 431] [Column: 8] [Expected: 2278391285] [Actual: 0], 
[Row: 854] [Column: 8] [Expected: 1420602537] [Actual: 1421402536]">
      <![CDATA[java.lang.AssertionError: The following asserts failed:

[Row: 431] [Column: 8] [Expected: 2278391285] [Actual: 0], 
[Row: 854] [Column: 8] [Expected: 1420602537] [Actual: 1421402536]
	at com.tudor.swag.tests.utils.SoftAssertSwag.assertAll(SoftAssertSwag.java:490)
	at com.tudor.swag.tests.suites.common.SwagletSuite.verifyAlphaData(SwagletSuite.java:432)
	at com.tudor.swag.tests.suites.PerformanceSuite.verifyData(PerformanceSuite.java:22)
	at java.util.concurrent.FutureTask.run(FutureTask.java:266)
	at java.util.concurrent.ThreadPoolExecutor.runWorker(ThreadPoolExecutor.java:1149)
	at java.util.concurrent.ThreadPoolExecutor$Worker.run(ThreadPoolExecutor.java:624)
	at java.lang.Thread.run(Thread.java:748)
... Removed 17 stack frames]]>
    </failure>
  </testcase> <!-- verifyData -->
  <testcase name="verifyData" time="6.074" classname="com.tudor.swag.tests.suites.PerformanceSuite"/>
  <testcase name="verifyData" time="5.522" classname="com.tudor.swag.tests.suites.PerformanceSuite"/>
  <testcase name="verifyData" time="5.151" classname="com.tudor.swag.tests.suites.PerformanceSuite"/>
  <testcase name="verifyData" time="9.331" classname="com.tudor.swag.tests.suites.PerformanceSuite"/>
  <testcase name="verifyData" time="8.474" classname="com.tudor.swag.tests.suites.PerformanceSuite"/>
  <testcase name="verifyData" time="9.514" classname="com.tudor.swag.tests.suites.PerformanceSuite"/>
  <testcase name="verifyData" time="9.427" classname="com.tudor.swag.tests.suites.PerformanceSuite"/>
  <testcase name="verifyData" time="7.673" classname="com.tudor.swag.tests.suites.PerformanceSuite"/>
  <testcase name="verifyData" time="7.092" classname="com.tudor.swag.tests.suites.PerformanceSuite"/>
  <testcase name="verifyData" time="10.187" classname="com.tudor.swag.tests.suites.PerformanceSuite"/>
  <testcase name="verifyData" time="6.655" classname="com.tudor.swag.tests.suites.PerformanceSuite"/>
  <testcase name="verifyData" time="9.548" classname="com.tudor.swag.tests.suites.PerformanceSuite"/>
  <testcase name="verifyData" time="13.334" classname="com.tudor.swag.tests.suites.PerformanceSuite"/>
  <testcase name="verifyData" time="8.699" classname="com.tudor.swag.tests.suites.PerformanceSuite"/>
</testsuite> <!-- ChromeTest3 -->
