<html>
<head>
<title>TestNG:  ChromeTest2</title>
<link href="../testng.css" rel="stylesheet" type="text/css" />
<link href="../my-testng.css" rel="stylesheet" type="text/css" />

<style type="text/css">
.log { display: none;} 
.stack-trace { display: none;} 
</style>
<script type="text/javascript">
<!--
function flip(e) {
  current = e.style.display;
  if (current == 'block') {
    e.style.display = 'none';
    return 0;
  }
  else {
    e.style.display = 'block';
    return 1;
  }
}

function toggleBox(szDivId, elem, msg1, msg2)
{
  var res = -1;  if (document.getElementById) {
    res = flip(document.getElementById(szDivId));
  }
  else if (document.all) {
    // this is the way old msie versions work
    res = flip(document.all[szDivId]);
  }
  if(elem) {
    if(res == 0) elem.innerHTML = msg1; else elem.innerHTML = msg2;
  }

}

function toggleAllBoxes() {
  if (document.getElementsByTagName) {
    d = document.getElementsByTagName('div');
    for (i = 0; i < d.length; i++) {
      if (d[i].className == 'log') {
        flip(d[i]);
      }
    }
  }
}

// -->
</script>

</head>
<body>
<h2 align='center'>ChromeTest2</h2><table border='1' align="center">
<tr>
<td>Tests passed/Failed/Skipped:</td><td>8/2/0</td>
</tr><tr>
<td>Started on:</td><td>Tue May 18 16:36:12 CEST 2021</td>
</tr>
<tr><td>Total time:</td><td>294 seconds (294368 ms)</td>
</tr><tr>
<td>Included groups:</td><td></td>
</tr><tr>
<td>Excluded groups:</td><td></td>
</tr>
</table><p/>
<small><i>(Hover the method name to see the test class name)</i></small><p/>
<table width='100%' border='1' class='invocation-failed'>
<tr><td colspan='4' align='center'><b>FAILED TESTS</b></td></tr>
<tr><td><b>Test method</b></td>
<td width="30%"><b>Exception</b></td>
<td width="10%"><b>Time (seconds)</b></td>
<td><b>Instance</b></td>
</tr>
<tr>
<td title='com.tudor.swag.tests.suites.OrdersSuite.verifyData()'><b>verifyData</b><br>Test class: com.tudor.swag.tests.suites.OrdersSuite<br>Parameters: org.testng.TestRunner@6c12d69d, com.tudor.swag.tests.utils.TableData@6eb88785, ORDERS_SYSTEMS_ALLOC_REBALANCE_REPORT_INDEX</td>
<td><div><pre>java.lang.AssertionError: Actual row count is not equal as expected expected [79] but found [82]
	at com.tudor.swag.tests.utils.SoftAssertSwag.assertTableData(SoftAssertSwag.java:223)
	at com.tudor.swag.tests.suites.common.SwagletSuite.verifyAlphaData(SwagletSuite.java:431)
	at com.tudor.swag.tests.suites.OrdersSuite.verifyData(OrdersSuite.java:30)
	at java.util.concurrent.FutureTask.run(FutureTask.java:266)
	at java.util.concurrent.ThreadPoolExecutor.runWorker(ThreadPoolExecutor.java:1149)
	at java.util.concurrent.ThreadPoolExecutor$Worker.run(ThreadPoolExecutor.java:624)
	at java.lang.Thread.run(Thread.java:748)
... Removed 20 stack frames</pre></div><a href='#' onClick='toggleBox("stack-trace982654270", this, "Click to show all stack frames", "Click to hide stack frames")'>Click to show all stack frames</a>
<div class='stack-trace' id='stack-trace982654270'><pre>java.lang.AssertionError: Actual row count is not equal as expected expected [79] but found [82]
	at org.testng.Assert.fail(Assert.java:94)
	at org.testng.Assert.failNotEquals(Assert.java:494)
	at org.testng.Assert.assertEquals(Assert.java:123)
	at org.testng.Assert.assertEquals(Assert.java:370)
	at com.tudor.swag.tests.utils.SoftAssertSwag.assertTableData(SoftAssertSwag.java:223)
	at com.tudor.swag.tests.suites.common.SwagletSuite.verifyAlphaData(SwagletSuite.java:431)
	at com.tudor.swag.tests.suites.OrdersSuite.verifyData(OrdersSuite.java:30)
	at sun.reflect.NativeMethodAccessorImpl.invoke0(Native Method)
	at sun.reflect.NativeMethodAccessorImpl.invoke(NativeMethodAccessorImpl.java:62)
	at sun.reflect.DelegatingMethodAccessorImpl.invoke(DelegatingMethodAccessorImpl.java:43)
	at java.lang.reflect.Method.invoke(Method.java:498)
	at org.testng.internal.MethodInvocationHelper.invokeMethod(MethodInvocationHelper.java:84)
	at org.testng.internal.Invoker.invokeMethod(Invoker.java:714)
	at org.testng.internal.Invoker.invokeTestMethod(Invoker.java:901)
	at org.testng.internal.Invoker.invokeTestMethods(Invoker.java:1231)
	at org.testng.internal.TestMethodWorker.invokeTestMethods(TestMethodWorker.java:127)
	at org.testng.internal.TestMethodWorker.run(TestMethodWorker.java:111)
	at org.testng.TestRunner.privateRun(TestRunner.java:767)
	at org.testng.TestRunner.run(TestRunner.java:617)
	at org.testng.SuiteRunner.runTest(SuiteRunner.java:334)
	at org.testng.SuiteRunner.access$000(SuiteRunner.java:37)
	at org.testng.SuiteRunner$SuiteWorker.run(SuiteRunner.java:368)
	at org.testng.internal.thread.ThreadUtil$2.call(ThreadUtil.java:64)
	at java.util.concurrent.FutureTask.run(FutureTask.java:266)
	at java.util.concurrent.ThreadPoolExecutor.runWorker(ThreadPoolExecutor.java:1149)
	at java.util.concurrent.ThreadPoolExecutor$Worker.run(ThreadPoolExecutor.java:624)
	at java.lang.Thread.run(Thread.java:748)
</pre></div></td>
<td>41</td>
<td>com.tudor.swag.tests.suites.OrdersSuite@5cb9f472</td></tr>
<tr>
<td title='com.tudor.swag.tests.suites.SwagSuite.verifyData()'><b>verifyData</b><br>Test class: com.tudor.swag.tests.suites.SwagSuite<br>Parameters: org.testng.TestRunner@6c12d69d, com.tudor.swag.tests.utils.TableData@396355ea, SWAG_USER_PERMISSIONS_INDEX</td>
<td><div><pre>java.lang.AssertionError: Actual row count is not equal as expected expected [35] but found [82]
	at com.tudor.swag.tests.utils.SoftAssertSwag.assertTableData(SoftAssertSwag.java:223)
	at com.tudor.swag.tests.suites.common.SwagletSuite.verifyAlphaData(SwagletSuite.java:431)
	at com.tudor.swag.tests.suites.SwagSuite.verifyData(SwagSuite.java:22)
	at java.util.concurrent.FutureTask.run(FutureTask.java:266)
	at java.util.concurrent.ThreadPoolExecutor.runWorker(ThreadPoolExecutor.java:1149)
	at java.util.concurrent.ThreadPoolExecutor$Worker.run(ThreadPoolExecutor.java:624)
	at java.lang.Thread.run(Thread.java:748)
... Removed 20 stack frames</pre></div><a href='#' onClick='toggleBox("stack-trace1995428686", this, "Click to show all stack frames", "Click to hide stack frames")'>Click to show all stack frames</a>
<div class='stack-trace' id='stack-trace1995428686'><pre>java.lang.AssertionError: Actual row count is not equal as expected expected [35] but found [82]
	at org.testng.Assert.fail(Assert.java:94)
	at org.testng.Assert.failNotEquals(Assert.java:494)
	at org.testng.Assert.assertEquals(Assert.java:123)
	at org.testng.Assert.assertEquals(Assert.java:370)
	at com.tudor.swag.tests.utils.SoftAssertSwag.assertTableData(SoftAssertSwag.java:223)
	at com.tudor.swag.tests.suites.common.SwagletSuite.verifyAlphaData(SwagletSuite.java:431)
	at com.tudor.swag.tests.suites.SwagSuite.verifyData(SwagSuite.java:22)
	at sun.reflect.NativeMethodAccessorImpl.invoke0(Native Method)
	at sun.reflect.NativeMethodAccessorImpl.invoke(NativeMethodAccessorImpl.java:62)
	at sun.reflect.DelegatingMethodAccessorImpl.invoke(DelegatingMethodAccessorImpl.java:43)
	at java.lang.reflect.Method.invoke(Method.java:498)
	at org.testng.internal.MethodInvocationHelper.invokeMethod(MethodInvocationHelper.java:84)
	at org.testng.internal.Invoker.invokeMethod(Invoker.java:714)
	at org.testng.internal.Invoker.invokeTestMethod(Invoker.java:901)
	at org.testng.internal.Invoker.invokeTestMethods(Invoker.java:1231)
	at org.testng.internal.TestMethodWorker.invokeTestMethods(TestMethodWorker.java:127)
	at org.testng.internal.TestMethodWorker.run(TestMethodWorker.java:111)
	at org.testng.TestRunner.privateRun(TestRunner.java:767)
	at org.testng.TestRunner.run(TestRunner.java:617)
	at org.testng.SuiteRunner.runTest(SuiteRunner.java:334)
	at org.testng.SuiteRunner.access$000(SuiteRunner.java:37)
	at org.testng.SuiteRunner$SuiteWorker.run(SuiteRunner.java:368)
	at org.testng.internal.thread.ThreadUtil$2.call(ThreadUtil.java:64)
	at java.util.concurrent.FutureTask.run(FutureTask.java:266)
	at java.util.concurrent.ThreadPoolExecutor.runWorker(ThreadPoolExecutor.java:1149)
	at java.util.concurrent.ThreadPoolExecutor$Worker.run(ThreadPoolExecutor.java:624)
	at java.lang.Thread.run(Thread.java:748)
</pre></div></td>
<td>6</td>
<td>com.tudor.swag.tests.suites.SwagSuite@6e1567f1</td></tr>
</table><p>
<table width='100%' border='1' class='invocation-passed'>
<tr><td colspan='4' align='center'><b>PASSED TESTS</b></td></tr>
<tr><td><b>Test method</b></td>
<td width="30%"><b>Exception</b></td>
<td width="10%"><b>Time (seconds)</b></td>
<td><b>Instance</b></td>
</tr>
<tr>
<td title='com.tudor.swag.tests.suites.OrdersSuite.verifyData()'><b>verifyData</b><br>Test class: com.tudor.swag.tests.suites.OrdersSuite<br>Parameters: org.testng.TestRunner@6c12d69d, com.tudor.swag.tests.utils.TableData@3545e711, ORDERS_ALLOCATIONS_EQUITIES_EQUITIES</td>
<td></td>
<td>17</td>
<td>com.tudor.swag.tests.suites.OrdersSuite@5cb9f472</td></tr>
<tr>
<td title='com.tudor.swag.tests.suites.OrdersSuite.verifyData()'><b>verifyData</b><br>Test class: com.tudor.swag.tests.suites.OrdersSuite<br>Parameters: org.testng.TestRunner@6c12d69d, com.tudor.swag.tests.utils.TableData@36adff26, ORDERS_ALLOCATIONS_EQUITIES_EQUITIES</td>
<td></td>
<td>18</td>
<td>com.tudor.swag.tests.suites.OrdersSuite@5cb9f472</td></tr>
<tr>
<td title='com.tudor.swag.tests.suites.OrdersSuite.verifyData()'><b>verifyData</b><br>Test class: com.tudor.swag.tests.suites.OrdersSuite<br>Parameters: org.testng.TestRunner@6c12d69d, com.tudor.swag.tests.utils.TableData@f1a512f, ORDERS_ALLOCATIONS_EQUITIES_INDEX</td>
<td></td>
<td>10</td>
<td>com.tudor.swag.tests.suites.OrdersSuite@5cb9f472</td></tr>
<tr>
<td title='com.tudor.swag.tests.suites.OrdersSuite.verifyData()'><b>verifyData</b><br>Test class: com.tudor.swag.tests.suites.OrdersSuite<br>Parameters: org.testng.TestRunner@6c12d69d, com.tudor.swag.tests.utils.TableData@5bc27de1, ORDERS_ALLOCATIONS_NOTIONALS_INDEX</td>
<td></td>
<td>16</td>
<td>com.tudor.swag.tests.suites.OrdersSuite@5cb9f472</td></tr>
<tr>
<td title='com.tudor.swag.tests.suites.OrdersSuite.verifyData()'><b>verifyData</b><br>Test class: com.tudor.swag.tests.suites.OrdersSuite<br>Parameters: org.testng.TestRunner@6c12d69d, com.tudor.swag.tests.utils.TableData@2812a131, ORDERS_ALLOCATIONS_NOTIONALS_INDEX</td>
<td></td>
<td>11</td>
<td>com.tudor.swag.tests.suites.OrdersSuite@5cb9f472</td></tr>
<tr>
<td title='com.tudor.swag.tests.suites.OrdersSuite.verifyData()'><b>verifyData</b><br>Test class: com.tudor.swag.tests.suites.OrdersSuite<br>Parameters: org.testng.TestRunner@6c12d69d, com.tudor.swag.tests.utils.TableData@a784b98, ORDERS_ALLOCATIONS_NOTIONALS_NOTIONALS</td>
<td></td>
<td>9</td>
<td>com.tudor.swag.tests.suites.OrdersSuite@5cb9f472</td></tr>
<tr>
<td title='com.tudor.swag.tests.suites.OrdersSuite.verifyData()'><b>verifyData</b><br>Test class: com.tudor.swag.tests.suites.OrdersSuite<br>Parameters: org.testng.TestRunner@6c12d69d, com.tudor.swag.tests.utils.TableData@3cb805bb, ORDERS_SYSTEMS_ALLOC_REBALANCE_REPORT_FROMFILE</td>
<td></td>
<td>16</td>
<td>com.tudor.swag.tests.suites.OrdersSuite@5cb9f472</td></tr>
<tr>
<td title='com.tudor.swag.tests.suites.OrdersSuite.verifyData()'><b>verifyData</b><br>Test class: com.tudor.swag.tests.suites.OrdersSuite<br>Parameters: org.testng.TestRunner@6c12d69d, com.tudor.swag.tests.utils.TableData@5a77b325, ORDERS_SYSTEMS_ALLOC_REBALANCE_REPORT_INDEX</td>
<td></td>
<td>127</td>
<td>com.tudor.swag.tests.suites.OrdersSuite@5cb9f472</td></tr>
</table><p>
</body>
</html>