<?xml version="1.0" encoding="UTF-8"?>
<!-- Generated by org.testng.reporters.JUnitXMLReporter -->
<testsuite hostname="VWSWX017-US" name="ChromeTest5" tests="2" failures="2" timestamp="18 May 2021 14:37:03 GMT" time="50.608" errors="0">
  <testcase name="verifyData" time="16.916" classname="com.tudor.swag.tests.suites.RiskSuite">
    <failure type="java.lang.AssertionError" message="The following asserts failed:

[Row: 2] [Column: 2] [Expected: 0.01026900437363183] [Actual: 0.010269004373631829], 
[Row: 2] [Column: 3] [Expected: 0.0037870190873575365] [Actual: 0.003787019087357536], 
[Row: 2] [Column: 4] [Expected: 0.006414634924677736] [Actual: 0.006414634924677735], 
[Row: 2] [Column: 5] [Expected: 3,779,447,239.3861094] [Actual: 3,779,447,239.38611], 
[Row: 4] [Column: 2] [Expected: 0.009333222251094186] [Actual: 0.009333222251094184], 
[Row: 4] [Column: 3] [Expected: 0.003270651404825855] [Actual: 0.0032706514048258545], 
[Row: 4] [Column: 4] [Expected: 0.005734498832859771] [Actual: 0.00573449883285977], 
[Row: 4] [Column: 5] [Expected: 3,807,471,150.064487] [Actual: 3,807,471,150.0644875], 
[Row: 6] [Column: 2] [Expected: 0.010947731557837743] [Actual: 0.010947731557837742], 
[Row: 6] [Column: 3] [Expected: 0.004336806727900223] [Actual: 0.004336806727900222], 
[Row: 6] [Column: 4] [Expected: 0.0075609430808438564] [Actual: 0.007560943080843856], 
[Row: 6] [Column: 5] [Expected: 3,815,901,429.065261] [Actual: 3,815,901,429.0652614], 
[Row: 10] [Column: 2] [Expected: 0.005218872695413698] [Actual: 0.0052188726954136965], 
[Row: 10] [Column: 3] [Expected: 0.0005840829670234944] [Actual: 0.0005840829670234941], 
[Row: 10] [Column: 4] [Expected: 562,399,554,267,230,750,000,000,000,000,000,000,000,000,000,000,000,000,000,000,000,000,000,000,000,000,000,000,000,000,000,000,000,000,000,000,000,000,000] [Actual: 562,399,554,267,230,600,000,000,000,000,000,000,000,000,000,000,000,000,000,000,000,000,000,000,000,000,000,000,000,000,000,000,000,000,000,000,000,000,000], 
[Row: 10] [Column: 5] [Expected: 3,789,093,068.8489804] [Actual: 3,789,093,068.8489814]">
      <![CDATA[java.lang.AssertionError: The following asserts failed:

[Row: 2] [Column: 2] [Expected: 0.01026900437363183] [Actual: 0.010269004373631829], 
[Row: 2] [Column: 3] [Expected: 0.0037870190873575365] [Actual: 0.003787019087357536], 
[Row: 2] [Column: 4] [Expected: 0.006414634924677736] [Actual: 0.006414634924677735], 
[Row: 2] [Column: 5] [Expected: 3,779,447,239.3861094] [Actual: 3,779,447,239.38611], 
[Row: 4] [Column: 2] [Expected: 0.009333222251094186] [Actual: 0.009333222251094184], 
[Row: 4] [Column: 3] [Expected: 0.003270651404825855] [Actual: 0.0032706514048258545], 
[Row: 4] [Column: 4] [Expected: 0.005734498832859771] [Actual: 0.00573449883285977], 
[Row: 4] [Column: 5] [Expected: 3,807,471,150.064487] [Actual: 3,807,471,150.0644875], 
[Row: 6] [Column: 2] [Expected: 0.010947731557837743] [Actual: 0.010947731557837742], 
[Row: 6] [Column: 3] [Expected: 0.004336806727900223] [Actual: 0.004336806727900222], 
[Row: 6] [Column: 4] [Expected: 0.0075609430808438564] [Actual: 0.007560943080843856], 
[Row: 6] [Column: 5] [Expected: 3,815,901,429.065261] [Actual: 3,815,901,429.0652614], 
[Row: 10] [Column: 2] [Expected: 0.005218872695413698] [Actual: 0.0052188726954136965], 
[Row: 10] [Column: 3] [Expected: 0.0005840829670234944] [Actual: 0.0005840829670234941], 
[Row: 10] [Column: 4] [Expected: 562,399,554,267,230,750,000,000,000,000,000,000,000,000,000,000,000,000,000,000,000,000,000,000,000,000,000,000,000,000,000,000,000,000,000,000,000,000,000] [Actual: 562,399,554,267,230,600,000,000,000,000,000,000,000,000,000,000,000,000,000,000,000,000,000,000,000,000,000,000,000,000,000,000,000,000,000,000,000,000,000], 
[Row: 10] [Column: 5] [Expected: 3,789,093,068.8489804] [Actual: 3,789,093,068.8489814]
	at com.tudor.swag.tests.utils.SoftAssertSwag.assertAll(SoftAssertSwag.java:490)
	at com.tudor.swag.tests.suites.common.SwagletSuite.verifyAlphaData(SwagletSuite.java:432)
	at com.tudor.swag.tests.suites.RiskSuite.verifyData(RiskSuite.java:26)
	at java.util.concurrent.FutureTask.run(FutureTask.java:266)
	at java.util.concurrent.ThreadPoolExecutor.runWorker(ThreadPoolExecutor.java:1149)
	at java.util.concurrent.ThreadPoolExecutor$Worker.run(ThreadPoolExecutor.java:624)
	at java.lang.Thread.run(Thread.java:748)
... Removed 17 stack frames]]>
    </failure>
  </testcase> <!-- verifyData -->
  <testcase name="verifyData" time="10.093" classname="com.tudor.swag.tests.suites.RiskSuite">
    <failure type="java.lang.AssertionError" message="The following asserts failed:

[Row: 2] [Column: 3] [Expected: 0.0012238175330097642] [Actual: 0.001223817533009764], 
[Row: 2] [Column: 4] [Expected: 0.002288136044340229] [Actual: 0.0022881360443402286], 
[Row: 2] [Column: 5] [Expected: 1,926,201,344.8188477] [Actual: 1,926,201,344.818848], 
[Row: 3] [Column: 2] [Expected: 0.0030300423282947652] [Actual: 0.003030042328294765], 
[Row: 3] [Column: 3] [Expected: 0.0008794296545719038] [Actual: 0.0008794296545719037], 
[Row: 3] [Column: 4] [Expected: 0.001436347695667183] [Actual: 0.0014363476956671829], 
[Row: 3] [Column: 5] [Expected: 1,915,735,309.013204] [Actual: 1,915,735,309.0132043], 
[Row: 4] [Column: 2] [Expected: 0.003100279714371062] [Actual: 0.0031002797143710615], 
[Row: 4] [Column: 5] [Expected: 1,915,662,253.2659793] [Actual: 1,915,662,253.2659795], 
[Row: 5] [Column: 2] [Expected: 0.003131004004414135] [Actual: 0.0031310040044141346], 
[Row: 5] [Column: 3] [Expected: 0.00081327922319326] [Actual: 0.0008132792231932599], 
[Row: 5] [Column: 4] [Expected: 0.001424594629262818] [Actual: 0.0014245946292628178], 
[Row: 5] [Column: 5] [Expected: 1,915,099,126.5647345] [Actual: 1,915,099,126.5647347], 
[Row: 6] [Column: 2] [Expected: 0.0028284238641711154] [Actual: 0.002828423864171116], 
[Row: 6] [Column: 3] [Expected: 0.0006849837834942326] [Actual: 0.0006849837834942327], 
[Row: 6] [Column: 4] [Expected: 0.0012946729931005373] [Actual: 0.0012946729931005375], 
[Row: 6] [Column: 5] [Expected: 1,916,323,221.1516147] [Actual: 1,916,323,221.1516144]">
      <![CDATA[java.lang.AssertionError: The following asserts failed:

[Row: 2] [Column: 3] [Expected: 0.0012238175330097642] [Actual: 0.001223817533009764], 
[Row: 2] [Column: 4] [Expected: 0.002288136044340229] [Actual: 0.0022881360443402286], 
[Row: 2] [Column: 5] [Expected: 1,926,201,344.8188477] [Actual: 1,926,201,344.818848], 
[Row: 3] [Column: 2] [Expected: 0.0030300423282947652] [Actual: 0.003030042328294765], 
[Row: 3] [Column: 3] [Expected: 0.0008794296545719038] [Actual: 0.0008794296545719037], 
[Row: 3] [Column: 4] [Expected: 0.001436347695667183] [Actual: 0.0014363476956671829], 
[Row: 3] [Column: 5] [Expected: 1,915,735,309.013204] [Actual: 1,915,735,309.0132043], 
[Row: 4] [Column: 2] [Expected: 0.003100279714371062] [Actual: 0.0031002797143710615], 
[Row: 4] [Column: 5] [Expected: 1,915,662,253.2659793] [Actual: 1,915,662,253.2659795], 
[Row: 5] [Column: 2] [Expected: 0.003131004004414135] [Actual: 0.0031310040044141346], 
[Row: 5] [Column: 3] [Expected: 0.00081327922319326] [Actual: 0.0008132792231932599], 
[Row: 5] [Column: 4] [Expected: 0.001424594629262818] [Actual: 0.0014245946292628178], 
[Row: 5] [Column: 5] [Expected: 1,915,099,126.5647345] [Actual: 1,915,099,126.5647347], 
[Row: 6] [Column: 2] [Expected: 0.0028284238641711154] [Actual: 0.002828423864171116], 
[Row: 6] [Column: 3] [Expected: 0.0006849837834942326] [Actual: 0.0006849837834942327], 
[Row: 6] [Column: 4] [Expected: 0.0012946729931005373] [Actual: 0.0012946729931005375], 
[Row: 6] [Column: 5] [Expected: 1,916,323,221.1516147] [Actual: 1,916,323,221.1516144]
	at com.tudor.swag.tests.utils.SoftAssertSwag.assertAll(SoftAssertSwag.java:490)
	at com.tudor.swag.tests.suites.common.SwagletSuite.verifyAlphaData(SwagletSuite.java:432)
	at com.tudor.swag.tests.suites.RiskSuite.verifyData(RiskSuite.java:26)
	at java.util.concurrent.FutureTask.run(FutureTask.java:266)
	at java.util.concurrent.ThreadPoolExecutor.runWorker(ThreadPoolExecutor.java:1149)
	at java.util.concurrent.ThreadPoolExecutor$Worker.run(ThreadPoolExecutor.java:624)
	at java.lang.Thread.run(Thread.java:748)
... Removed 17 stack frames]]>
    </failure>
  </testcase> <!-- verifyData -->
</testsuite> <!-- ChromeTest5 -->
