<html>
<head>
<title>TestNG:  ChromeTest1</title>
<link href="../testng.css" rel="stylesheet" type="text/css" />
<link href="../my-testng.css" rel="stylesheet" type="text/css" />

<style type="text/css">
.log { display: none;} 
.stack-trace { display: none;} 
</style>
<script type="text/javascript">
<!--
function flip(e) {
  current = e.style.display;
  if (current == 'block') {
    e.style.display = 'none';
    return 0;
  }
  else {
    e.style.display = 'block';
    return 1;
  }
}

function toggleBox(szDivId, elem, msg1, msg2)
{
  var res = -1;  if (document.getElementById) {
    res = flip(document.getElementById(szDivId));
  }
  else if (document.all) {
    // this is the way old msie versions work
    res = flip(document.all[szDivId]);
  }
  if(elem) {
    if(res == 0) elem.innerHTML = msg1; else elem.innerHTML = msg2;
  }

}

function toggleAllBoxes() {
  if (document.getElementsByTagName) {
    d = document.getElementsByTagName('div');
    for (i = 0; i < d.length; i++) {
      if (d[i].className == 'log') {
        flip(d[i]);
      }
    }
  }
}

// -->
</script>

</head>
<body>
<h2 align='center'>ChromeTest1</h2><table border='1' align="center">
<tr>
<td>Tests passed/Failed/Skipped:</td><td>3/6/0</td>
</tr><tr>
<td>Started on:</td><td>Fri Jun 04 17:58:30 CEST 2021</td>
</tr>
<tr><td>Total time:</td><td>388 seconds (388219 ms)</td>
</tr><tr>
<td>Included groups:</td><td></td>
</tr><tr>
<td>Excluded groups:</td><td></td>
</tr>
</table><p/>
<small><i>(Hover the method name to see the test class name)</i></small><p/>
<table width='100%' border='1' class='invocation-failed'>
<tr><td colspan='4' align='center'><b>FAILED TESTS</b></td></tr>
<tr><td><b>Test method</b></td>
<td width="30%"><b>Exception</b></td>
<td width="10%"><b>Time (seconds)</b></td>
<td><b>Instance</b></td>
</tr>
<tr>
<td title='com.tudor.swag.tests.suites.CubeSuite.verifyData()'><b>verifyData</b><br>Test class: com.tudor.swag.tests.suites.CubeSuite<br>Parameters: org.testng.TestRunner@79cbcf79, com.tudor.swag.tests.utils.TableData@45112cb4, CUBE_PnL_CUBE_INDEX</td>
<td><div><pre>java.lang.AssertionError: Prod return Exception, Alpha return data expected [true] but found [false]
	at com.tudor.swag.tests.suites.common.SwagletSuite.verifyAlphaData(SwagletSuite.java:423)
	at com.tudor.swag.tests.suites.CubeSuite.verifyData(CubeSuite.java:23)
	at java.util.concurrent.FutureTask.run(FutureTask.java:266)
	at java.util.concurrent.ThreadPoolExecutor.runWorker(ThreadPoolExecutor.java:1149)
	at java.util.concurrent.ThreadPoolExecutor$Worker.run(ThreadPoolExecutor.java:624)
	at java.lang.Thread.run(Thread.java:748)
... Removed 20 stack frames</pre></div><a href='#' onClick='toggleBox("stack-trace2072843595", this, "Click to show all stack frames", "Click to hide stack frames")'>Click to show all stack frames</a>
<div class='stack-trace' id='stack-trace2072843595'><pre>java.lang.AssertionError: Prod return Exception, Alpha return data expected [true] but found [false]
	at org.testng.Assert.fail(Assert.java:94)
	at org.testng.Assert.failNotEquals(Assert.java:494)
	at org.testng.Assert.assertEquals(Assert.java:123)
	at org.testng.Assert.assertEquals(Assert.java:286)
	at com.tudor.swag.tests.suites.common.SwagletSuite.verifyAlphaData(SwagletSuite.java:423)
	at com.tudor.swag.tests.suites.CubeSuite.verifyData(CubeSuite.java:23)
	at sun.reflect.NativeMethodAccessorImpl.invoke0(Native Method)
	at sun.reflect.NativeMethodAccessorImpl.invoke(NativeMethodAccessorImpl.java:62)
	at sun.reflect.DelegatingMethodAccessorImpl.invoke(DelegatingMethodAccessorImpl.java:43)
	at java.lang.reflect.Method.invoke(Method.java:498)
	at org.testng.internal.MethodInvocationHelper.invokeMethod(MethodInvocationHelper.java:84)
	at org.testng.internal.Invoker.invokeMethod(Invoker.java:714)
	at org.testng.internal.Invoker.invokeTestMethod(Invoker.java:901)
	at org.testng.internal.Invoker.invokeTestMethods(Invoker.java:1231)
	at org.testng.internal.TestMethodWorker.invokeTestMethods(TestMethodWorker.java:127)
	at org.testng.internal.TestMethodWorker.run(TestMethodWorker.java:111)
	at org.testng.TestRunner.privateRun(TestRunner.java:767)
	at org.testng.TestRunner.run(TestRunner.java:617)
	at org.testng.SuiteRunner.runTest(SuiteRunner.java:334)
	at org.testng.SuiteRunner.access$000(SuiteRunner.java:37)
	at org.testng.SuiteRunner$SuiteWorker.run(SuiteRunner.java:368)
	at org.testng.internal.thread.ThreadUtil$2.call(ThreadUtil.java:64)
	at java.util.concurrent.FutureTask.run(FutureTask.java:266)
	at java.util.concurrent.ThreadPoolExecutor.runWorker(ThreadPoolExecutor.java:1149)
	at java.util.concurrent.ThreadPoolExecutor$Worker.run(ThreadPoolExecutor.java:624)
	at java.lang.Thread.run(Thread.java:748)
</pre></div></td>
<td>100</td>
<td>com.tudor.swag.tests.suites.CubeSuite@39c0f4a</td></tr>
<tr>
<td title='com.tudor.swag.tests.suites.CubeSuite.verifyData()'><b>verifyData</b><br>Test class: com.tudor.swag.tests.suites.CubeSuite<br>Parameters: org.testng.TestRunner@79cbcf79, com.tudor.swag.tests.utils.TableData@6da96651, CUBE_PnL_CUBE_INDEX</td>
<td><div><pre>java.lang.AssertionError: The following asserts failed:

[Row: 3] [Column: 3] [Expected: -10,450,435,953.219822] [Actual: -10,450,435,953.219824], 
[Row: 6] [Column: 3] [Expected: -9,918,452,801.226772] [Actual: -9,918,452,801.22677]
	at com.tudor.swag.tests.utils.SoftAssertSwag.assertAll(SoftAssertSwag.java:573)
	at com.tudor.swag.tests.suites.common.SwagletSuite.verifyAlphaData(SwagletSuite.java:432)
	at com.tudor.swag.tests.suites.CubeSuite.verifyData(CubeSuite.java:23)
	at java.util.concurrent.FutureTask.run(FutureTask.java:266)
	at java.util.concurrent.ThreadPoolExecutor.runWorker(ThreadPoolExecutor.java:1149)
	at java.util.concurrent.ThreadPoolExecutor$Worker.run(ThreadPoolExecutor.java:624)
	at java.lang.Thread.run(Thread.java:748)
... Removed 17 stack frames</pre></div><a href='#' onClick='toggleBox("stack-trace665522959", this, "Click to show all stack frames", "Click to hide stack frames")'>Click to show all stack frames</a>
<div class='stack-trace' id='stack-trace665522959'><pre>java.lang.AssertionError: The following asserts failed:

[Row: 3] [Column: 3] [Expected: -10,450,435,953.219822] [Actual: -10,450,435,953.219824], 
[Row: 6] [Column: 3] [Expected: -9,918,452,801.226772] [Actual: -9,918,452,801.22677]
	at org.testng.asserts.SoftAssert.assertAll(SoftAssert.java:38)
	at com.tudor.swag.tests.utils.SoftAssertSwag.assertAll(SoftAssertSwag.java:573)
	at com.tudor.swag.tests.suites.common.SwagletSuite.verifyAlphaData(SwagletSuite.java:432)
	at com.tudor.swag.tests.suites.CubeSuite.verifyData(CubeSuite.java:23)
	at sun.reflect.NativeMethodAccessorImpl.invoke0(Native Method)
	at sun.reflect.NativeMethodAccessorImpl.invoke(NativeMethodAccessorImpl.java:62)
	at sun.reflect.DelegatingMethodAccessorImpl.invoke(DelegatingMethodAccessorImpl.java:43)
	at java.lang.reflect.Method.invoke(Method.java:498)
	at org.testng.internal.MethodInvocationHelper.invokeMethod(MethodInvocationHelper.java:84)
	at org.testng.internal.Invoker.invokeMethod(Invoker.java:714)
	at org.testng.internal.Invoker.invokeTestMethod(Invoker.java:901)
	at org.testng.internal.Invoker.invokeTestMethods(Invoker.java:1231)
	at org.testng.internal.TestMethodWorker.invokeTestMethods(TestMethodWorker.java:127)
	at org.testng.internal.TestMethodWorker.run(TestMethodWorker.java:111)
	at org.testng.TestRunner.privateRun(TestRunner.java:767)
	at org.testng.TestRunner.run(TestRunner.java:617)
	at org.testng.SuiteRunner.runTest(SuiteRunner.java:334)
	at org.testng.SuiteRunner.access$000(SuiteRunner.java:37)
	at org.testng.SuiteRunner$SuiteWorker.run(SuiteRunner.java:368)
	at org.testng.internal.thread.ThreadUtil$2.call(ThreadUtil.java:64)
	at java.util.concurrent.FutureTask.run(FutureTask.java:266)
	at java.util.concurrent.ThreadPoolExecutor.runWorker(ThreadPoolExecutor.java:1149)
	at java.util.concurrent.ThreadPoolExecutor$Worker.run(ThreadPoolExecutor.java:624)
	at java.lang.Thread.run(Thread.java:748)
</pre></div></td>
<td>10</td>
<td>com.tudor.swag.tests.suites.CubeSuite@39c0f4a</td></tr>
<tr>
<td title='com.tudor.swag.tests.suites.CubeSuite.verifyData()'><b>verifyData</b><br>Test class: com.tudor.swag.tests.suites.CubeSuite<br>Parameters: org.testng.TestRunner@79cbcf79, com.tudor.swag.tests.utils.TableData@5cfbca7b, CUBE_PnL_CUBE_INDEX</td>
<td><div><pre>java.lang.AssertionError: Prod return Exception, Alpha return data expected [true] but found [false]
	at com.tudor.swag.tests.suites.common.SwagletSuite.verifyAlphaData(SwagletSuite.java:423)
	at com.tudor.swag.tests.suites.CubeSuite.verifyData(CubeSuite.java:23)
	at java.util.concurrent.FutureTask.run(FutureTask.java:266)
	at java.util.concurrent.ThreadPoolExecutor.runWorker(ThreadPoolExecutor.java:1149)
	at java.util.concurrent.ThreadPoolExecutor$Worker.run(ThreadPoolExecutor.java:624)
	at java.lang.Thread.run(Thread.java:748)
... Removed 20 stack frames</pre></div><a href='#' onClick='toggleBox("stack-trace831516110", this, "Click to show all stack frames", "Click to hide stack frames")'>Click to show all stack frames</a>
<div class='stack-trace' id='stack-trace831516110'><pre>java.lang.AssertionError: Prod return Exception, Alpha return data expected [true] but found [false]
	at org.testng.Assert.fail(Assert.java:94)
	at org.testng.Assert.failNotEquals(Assert.java:494)
	at org.testng.Assert.assertEquals(Assert.java:123)
	at org.testng.Assert.assertEquals(Assert.java:286)
	at com.tudor.swag.tests.suites.common.SwagletSuite.verifyAlphaData(SwagletSuite.java:423)
	at com.tudor.swag.tests.suites.CubeSuite.verifyData(CubeSuite.java:23)
	at sun.reflect.NativeMethodAccessorImpl.invoke0(Native Method)
	at sun.reflect.NativeMethodAccessorImpl.invoke(NativeMethodAccessorImpl.java:62)
	at sun.reflect.DelegatingMethodAccessorImpl.invoke(DelegatingMethodAccessorImpl.java:43)
	at java.lang.reflect.Method.invoke(Method.java:498)
	at org.testng.internal.MethodInvocationHelper.invokeMethod(MethodInvocationHelper.java:84)
	at org.testng.internal.Invoker.invokeMethod(Invoker.java:714)
	at org.testng.internal.Invoker.invokeTestMethod(Invoker.java:901)
	at org.testng.internal.Invoker.invokeTestMethods(Invoker.java:1231)
	at org.testng.internal.TestMethodWorker.invokeTestMethods(TestMethodWorker.java:127)
	at org.testng.internal.TestMethodWorker.run(TestMethodWorker.java:111)
	at org.testng.TestRunner.privateRun(TestRunner.java:767)
	at org.testng.TestRunner.run(TestRunner.java:617)
	at org.testng.SuiteRunner.runTest(SuiteRunner.java:334)
	at org.testng.SuiteRunner.access$000(SuiteRunner.java:37)
	at org.testng.SuiteRunner$SuiteWorker.run(SuiteRunner.java:368)
	at org.testng.internal.thread.ThreadUtil$2.call(ThreadUtil.java:64)
	at java.util.concurrent.FutureTask.run(FutureTask.java:266)
	at java.util.concurrent.ThreadPoolExecutor.runWorker(ThreadPoolExecutor.java:1149)
	at java.util.concurrent.ThreadPoolExecutor$Worker.run(ThreadPoolExecutor.java:624)
	at java.lang.Thread.run(Thread.java:748)
</pre></div></td>
<td>95</td>
<td>com.tudor.swag.tests.suites.CubeSuite@39c0f4a</td></tr>
<tr>
<td title='com.tudor.swag.tests.suites.CubeSuite.verifyData()'><b>verifyData</b><br>Test class: com.tudor.swag.tests.suites.CubeSuite<br>Parameters: org.testng.TestRunner@79cbcf79, com.tudor.swag.tests.utils.TableData@2739c39e, CUBE_PnL_CUBE_INDEX</td>
<td><div><pre>java.lang.AssertionError: The following asserts failed:

[Row: 2] [Column: 3] [Expected: -10,775,363,594.721382] [Actual: -10,775,363,594.721384], 
[Row: 4] [Column: 3] [Expected: -10,335,961,660.392012] [Actual: -10,335,961,660.39201]
	at com.tudor.swag.tests.utils.SoftAssertSwag.assertAll(SoftAssertSwag.java:573)
	at com.tudor.swag.tests.suites.common.SwagletSuite.verifyAlphaData(SwagletSuite.java:432)
	at com.tudor.swag.tests.suites.CubeSuite.verifyData(CubeSuite.java:23)
	at java.util.concurrent.FutureTask.run(FutureTask.java:266)
	at java.util.concurrent.ThreadPoolExecutor.runWorker(ThreadPoolExecutor.java:1149)
	at java.util.concurrent.ThreadPoolExecutor$Worker.run(ThreadPoolExecutor.java:624)
	at java.lang.Thread.run(Thread.java:748)
... Removed 17 stack frames</pre></div><a href='#' onClick='toggleBox("stack-trace1683114258", this, "Click to show all stack frames", "Click to hide stack frames")'>Click to show all stack frames</a>
<div class='stack-trace' id='stack-trace1683114258'><pre>java.lang.AssertionError: The following asserts failed:

[Row: 2] [Column: 3] [Expected: -10,775,363,594.721382] [Actual: -10,775,363,594.721384], 
[Row: 4] [Column: 3] [Expected: -10,335,961,660.392012] [Actual: -10,335,961,660.39201]
	at org.testng.asserts.SoftAssert.assertAll(SoftAssert.java:38)
	at com.tudor.swag.tests.utils.SoftAssertSwag.assertAll(SoftAssertSwag.java:573)
	at com.tudor.swag.tests.suites.common.SwagletSuite.verifyAlphaData(SwagletSuite.java:432)
	at com.tudor.swag.tests.suites.CubeSuite.verifyData(CubeSuite.java:23)
	at sun.reflect.NativeMethodAccessorImpl.invoke0(Native Method)
	at sun.reflect.NativeMethodAccessorImpl.invoke(NativeMethodAccessorImpl.java:62)
	at sun.reflect.DelegatingMethodAccessorImpl.invoke(DelegatingMethodAccessorImpl.java:43)
	at java.lang.reflect.Method.invoke(Method.java:498)
	at org.testng.internal.MethodInvocationHelper.invokeMethod(MethodInvocationHelper.java:84)
	at org.testng.internal.Invoker.invokeMethod(Invoker.java:714)
	at org.testng.internal.Invoker.invokeTestMethod(Invoker.java:901)
	at org.testng.internal.Invoker.invokeTestMethods(Invoker.java:1231)
	at org.testng.internal.TestMethodWorker.invokeTestMethods(TestMethodWorker.java:127)
	at org.testng.internal.TestMethodWorker.run(TestMethodWorker.java:111)
	at org.testng.TestRunner.privateRun(TestRunner.java:767)
	at org.testng.TestRunner.run(TestRunner.java:617)
	at org.testng.SuiteRunner.runTest(SuiteRunner.java:334)
	at org.testng.SuiteRunner.access$000(SuiteRunner.java:37)
	at org.testng.SuiteRunner$SuiteWorker.run(SuiteRunner.java:368)
	at org.testng.internal.thread.ThreadUtil$2.call(ThreadUtil.java:64)
	at java.util.concurrent.FutureTask.run(FutureTask.java:266)
	at java.util.concurrent.ThreadPoolExecutor.runWorker(ThreadPoolExecutor.java:1149)
	at java.util.concurrent.ThreadPoolExecutor$Worker.run(ThreadPoolExecutor.java:624)
	at java.lang.Thread.run(Thread.java:748)
</pre></div></td>
<td>9</td>
<td>com.tudor.swag.tests.suites.CubeSuite@39c0f4a</td></tr>
<tr>
<td title='com.tudor.swag.tests.suites.CubeSuite.verifyData()'><b>verifyData</b><br>Test class: com.tudor.swag.tests.suites.CubeSuite<br>Parameters: org.testng.TestRunner@79cbcf79, com.tudor.swag.tests.utils.TableData@ce45349, CUBE_PnL_CUBE_INDEX</td>
<td><div><pre>java.lang.AssertionError: Prod return Exception, Alpha return data expected [true] but found [false]
	at com.tudor.swag.tests.suites.common.SwagletSuite.verifyAlphaData(SwagletSuite.java:423)
	at com.tudor.swag.tests.suites.CubeSuite.verifyData(CubeSuite.java:23)
	at java.util.concurrent.FutureTask.run(FutureTask.java:266)
	at java.util.concurrent.ThreadPoolExecutor.runWorker(ThreadPoolExecutor.java:1149)
	at java.util.concurrent.ThreadPoolExecutor$Worker.run(ThreadPoolExecutor.java:624)
	at java.lang.Thread.run(Thread.java:748)
... Removed 20 stack frames</pre></div><a href='#' onClick='toggleBox("stack-trace540872268", this, "Click to show all stack frames", "Click to hide stack frames")'>Click to show all stack frames</a>
<div class='stack-trace' id='stack-trace540872268'><pre>java.lang.AssertionError: Prod return Exception, Alpha return data expected [true] but found [false]
	at org.testng.Assert.fail(Assert.java:94)
	at org.testng.Assert.failNotEquals(Assert.java:494)
	at org.testng.Assert.assertEquals(Assert.java:123)
	at org.testng.Assert.assertEquals(Assert.java:286)
	at com.tudor.swag.tests.suites.common.SwagletSuite.verifyAlphaData(SwagletSuite.java:423)
	at com.tudor.swag.tests.suites.CubeSuite.verifyData(CubeSuite.java:23)
	at sun.reflect.NativeMethodAccessorImpl.invoke0(Native Method)
	at sun.reflect.NativeMethodAccessorImpl.invoke(NativeMethodAccessorImpl.java:62)
	at sun.reflect.DelegatingMethodAccessorImpl.invoke(DelegatingMethodAccessorImpl.java:43)
	at java.lang.reflect.Method.invoke(Method.java:498)
	at org.testng.internal.MethodInvocationHelper.invokeMethod(MethodInvocationHelper.java:84)
	at org.testng.internal.Invoker.invokeMethod(Invoker.java:714)
	at org.testng.internal.Invoker.invokeTestMethod(Invoker.java:901)
	at org.testng.internal.Invoker.invokeTestMethods(Invoker.java:1231)
	at org.testng.internal.TestMethodWorker.invokeTestMethods(TestMethodWorker.java:127)
	at org.testng.internal.TestMethodWorker.run(TestMethodWorker.java:111)
	at org.testng.TestRunner.privateRun(TestRunner.java:767)
	at org.testng.TestRunner.run(TestRunner.java:617)
	at org.testng.SuiteRunner.runTest(SuiteRunner.java:334)
	at org.testng.SuiteRunner.access$000(SuiteRunner.java:37)
	at org.testng.SuiteRunner$SuiteWorker.run(SuiteRunner.java:368)
	at org.testng.internal.thread.ThreadUtil$2.call(ThreadUtil.java:64)
	at java.util.concurrent.FutureTask.run(FutureTask.java:266)
	at java.util.concurrent.ThreadPoolExecutor.runWorker(ThreadPoolExecutor.java:1149)
	at java.util.concurrent.ThreadPoolExecutor$Worker.run(ThreadPoolExecutor.java:624)
	at java.lang.Thread.run(Thread.java:748)
</pre></div></td>
<td>96</td>
<td>com.tudor.swag.tests.suites.CubeSuite@39c0f4a</td></tr>
<tr>
<td title='com.tudor.swag.tests.suites.CubeSuite.verifyData()'><b>verifyData</b><br>Test class: com.tudor.swag.tests.suites.CubeSuite<br>Parameters: org.testng.TestRunner@79cbcf79, com.tudor.swag.tests.utils.TableData@3ed77eae, CUBE_PnL_CUBE_INDEX</td>
<td><div><pre>java.lang.AssertionError: The following asserts failed:

[Row: 2] [Column: 3] [Expected: -19,005,187,292.392773] [Actual: -19,005,187,292.39278], 
[Row: 6] [Column: 3] [Expected: -11,884,679,972.561125] [Actual: -11,884,679,972.561123]
	at com.tudor.swag.tests.utils.SoftAssertSwag.assertAll(SoftAssertSwag.java:573)
	at com.tudor.swag.tests.suites.common.SwagletSuite.verifyAlphaData(SwagletSuite.java:432)
	at com.tudor.swag.tests.suites.CubeSuite.verifyData(CubeSuite.java:23)
	at java.util.concurrent.FutureTask.run(FutureTask.java:266)
	at java.util.concurrent.ThreadPoolExecutor.runWorker(ThreadPoolExecutor.java:1149)
	at java.util.concurrent.ThreadPoolExecutor$Worker.run(ThreadPoolExecutor.java:624)
	at java.lang.Thread.run(Thread.java:748)
... Removed 17 stack frames</pre></div><a href='#' onClick='toggleBox("stack-trace781525861", this, "Click to show all stack frames", "Click to hide stack frames")'>Click to show all stack frames</a>
<div class='stack-trace' id='stack-trace781525861'><pre>java.lang.AssertionError: The following asserts failed:

[Row: 2] [Column: 3] [Expected: -19,005,187,292.392773] [Actual: -19,005,187,292.39278], 
[Row: 6] [Column: 3] [Expected: -11,884,679,972.561125] [Actual: -11,884,679,972.561123]
	at org.testng.asserts.SoftAssert.assertAll(SoftAssert.java:38)
	at com.tudor.swag.tests.utils.SoftAssertSwag.assertAll(SoftAssertSwag.java:573)
	at com.tudor.swag.tests.suites.common.SwagletSuite.verifyAlphaData(SwagletSuite.java:432)
	at com.tudor.swag.tests.suites.CubeSuite.verifyData(CubeSuite.java:23)
	at sun.reflect.NativeMethodAccessorImpl.invoke0(Native Method)
	at sun.reflect.NativeMethodAccessorImpl.invoke(NativeMethodAccessorImpl.java:62)
	at sun.reflect.DelegatingMethodAccessorImpl.invoke(DelegatingMethodAccessorImpl.java:43)
	at java.lang.reflect.Method.invoke(Method.java:498)
	at org.testng.internal.MethodInvocationHelper.invokeMethod(MethodInvocationHelper.java:84)
	at org.testng.internal.Invoker.invokeMethod(Invoker.java:714)
	at org.testng.internal.Invoker.invokeTestMethod(Invoker.java:901)
	at org.testng.internal.Invoker.invokeTestMethods(Invoker.java:1231)
	at org.testng.internal.TestMethodWorker.invokeTestMethods(TestMethodWorker.java:127)
	at org.testng.internal.TestMethodWorker.run(TestMethodWorker.java:111)
	at org.testng.TestRunner.privateRun(TestRunner.java:767)
	at org.testng.TestRunner.run(TestRunner.java:617)
	at org.testng.SuiteRunner.runTest(SuiteRunner.java:334)
	at org.testng.SuiteRunner.access$000(SuiteRunner.java:37)
	at org.testng.SuiteRunner$SuiteWorker.run(SuiteRunner.java:368)
	at org.testng.internal.thread.ThreadUtil$2.call(ThreadUtil.java:64)
	at java.util.concurrent.FutureTask.run(FutureTask.java:266)
	at java.util.concurrent.ThreadPoolExecutor.runWorker(ThreadPoolExecutor.java:1149)
	at java.util.concurrent.ThreadPoolExecutor$Worker.run(ThreadPoolExecutor.java:624)
	at java.lang.Thread.run(Thread.java:748)
</pre></div></td>
<td>8</td>
<td>com.tudor.swag.tests.suites.CubeSuite@39c0f4a</td></tr>
</table><p>
<table width='100%' border='1' class='invocation-passed'>
<tr><td colspan='4' align='center'><b>PASSED TESTS</b></td></tr>
<tr><td><b>Test method</b></td>
<td width="30%"><b>Exception</b></td>
<td width="10%"><b>Time (seconds)</b></td>
<td><b>Instance</b></td>
</tr>
<tr>
<td title='com.tudor.swag.tests.suites.CubeSuite.verifyData()'><b>verifyData</b><br>Test class: com.tudor.swag.tests.suites.CubeSuite<br>Parameters: org.testng.TestRunner@79cbcf79, com.tudor.swag.tests.utils.TableData@5e38f6a5, CUBE_PnL_CUBE_INDEX</td>
<td></td>
<td>18</td>
<td>com.tudor.swag.tests.suites.CubeSuite@39c0f4a</td></tr>
<tr>
<td title='com.tudor.swag.tests.suites.CubeSuite.verifyData()'><b>verifyData</b><br>Test class: com.tudor.swag.tests.suites.CubeSuite<br>Parameters: org.testng.TestRunner@79cbcf79, com.tudor.swag.tests.utils.TableData@3255c615, CUBE_PnL_CUBE_INDEX</td>
<td></td>
<td>20</td>
<td>com.tudor.swag.tests.suites.CubeSuite@39c0f4a</td></tr>
<tr>
<td title='com.tudor.swag.tests.suites.CubeSuite.verifyData()'><b>verifyData</b><br>Test class: com.tudor.swag.tests.suites.CubeSuite<br>Parameters: org.testng.TestRunner@79cbcf79, com.tudor.swag.tests.utils.TableData@3c93dc74, CUBE_PnL_CUBE_INDEX</td>
<td></td>
<td>19</td>
<td>com.tudor.swag.tests.suites.CubeSuite@39c0f4a</td></tr>
</table><p>
</body>
</html>