<?xml version="1.0" encoding="UTF-8"?>
<!-- Generated by org.testng.reporters.JUnitXMLReporter -->
<testsuite hostname="VWSWX017-US" name="ChromeTest2" tests="10" failures="2" timestamp="18 May 2021 14:41:07 GMT" time="294.368" errors="0">
  <testcase name="verifyData" time="17.252" classname="com.tudor.swag.tests.suites.OrdersSuite"/>
  <testcase name="verifyData" time="18.24" classname="com.tudor.swag.tests.suites.OrdersSuite"/>
  <testcase name="verifyData" time="10.468" classname="com.tudor.swag.tests.suites.OrdersSuite"/>
  <testcase name="verifyData" time="16.918" classname="com.tudor.swag.tests.suites.OrdersSuite"/>
  <testcase name="verifyData" time="11.898" classname="com.tudor.swag.tests.suites.OrdersSuite"/>
  <testcase name="verifyData" time="9.17" classname="com.tudor.swag.tests.suites.OrdersSuite"/>
  <testcase name="verifyData" time="16.926" classname="com.tudor.swag.tests.suites.OrdersSuite"/>
  <testcase name="verifyData" time="41.895" classname="com.tudor.swag.tests.suites.OrdersSuite">
    <failure type="java.lang.AssertionError" message="Actual row count is not equal as expected expected [79] but found [82]">
      <![CDATA[java.lang.AssertionError: Actual row count is not equal as expected expected [79] but found [82]
	at com.tudor.swag.tests.utils.SoftAssertSwag.assertTableData(SoftAssertSwag.java:223)
	at com.tudor.swag.tests.suites.common.SwagletSuite.verifyAlphaData(SwagletSuite.java:431)
	at com.tudor.swag.tests.suites.OrdersSuite.verifyData(OrdersSuite.java:30)
	at java.util.concurrent.FutureTask.run(FutureTask.java:266)
	at java.util.concurrent.ThreadPoolExecutor.runWorker(ThreadPoolExecutor.java:1149)
	at java.util.concurrent.ThreadPoolExecutor$Worker.run(ThreadPoolExecutor.java:624)
	at java.lang.Thread.run(Thread.java:748)
... Removed 20 stack frames]]>
    </failure>
  </testcase> <!-- verifyData -->
  <testcase name="verifyData" time="127.829" classname="com.tudor.swag.tests.suites.OrdersSuite"/>
  <testcase name="verifyData" time="6.519" classname="com.tudor.swag.tests.suites.SwagSuite">
    <failure type="java.lang.AssertionError" message="Actual row count is not equal as expected expected [35] but found [82]">
      <![CDATA[java.lang.AssertionError: Actual row count is not equal as expected expected [35] but found [82]
	at com.tudor.swag.tests.utils.SoftAssertSwag.assertTableData(SoftAssertSwag.java:223)
	at com.tudor.swag.tests.suites.common.SwagletSuite.verifyAlphaData(SwagletSuite.java:431)
	at com.tudor.swag.tests.suites.SwagSuite.verifyData(SwagSuite.java:22)
	at java.util.concurrent.FutureTask.run(FutureTask.java:266)
	at java.util.concurrent.ThreadPoolExecutor.runWorker(ThreadPoolExecutor.java:1149)
	at java.util.concurrent.ThreadPoolExecutor$Worker.run(ThreadPoolExecutor.java:624)
	at java.lang.Thread.run(Thread.java:748)
... Removed 20 stack frames]]>
    </failure>
  </testcase> <!-- verifyData -->
</testsuite> <!-- ChromeTest2 -->
